Using pre-set license
Built from '2020.2/release' branch; Version is '2020.2.0f1 (3721df5a8b28) revision 3613151'; Using compiler version '192528614'; Build Type 'Release'
OS: 'Windows 10  (10.0.0) 64bit' Language: 'pt' Physical Memory: 16249 MB
BatchMode: 1, IsHumanControllingUs: 0, StartBugReporterOnCrash: 0, Is64bit: 1, IsPro: 0

 COMMAND LINE ARGUMENTS:
D:\Unity\Editor\Unity.exe
-adb2
-batchMode
-noUpm
-name
AssetImportWorker0
-projectPath
D:/Area de Trabalho/ProjetosPucPr/Projetos Unity/Outros/Trabalho Final
-logFile
Logs/AssetImportWorker0.log
-srvPort
59050
Successfully changed project path to: D:/Area de Trabalho/ProjetosPucPr/Projetos Unity/Outros/Trabalho Final
D:/Area de Trabalho/ProjetosPucPr/Projetos Unity/Outros/Trabalho Final
Using Asset Import Pipeline V2.
Refreshing native plugins compatible for Editor in 226.64 ms, found 0 plugins.
Preloading 0 native plugins for Editor in 0.00 ms.
Initialize engine version: 2020.2.0f1 (3721df5a8b28)
[Subsystems] Discovering subsystems at path D:/Unity/Editor/Data/Resources/UnitySubsystems
[Subsystems] Discovering subsystems at path D:/Area de Trabalho/ProjetosPucPr/Projetos Unity/Outros/Trabalho Final/Assets
GfxDevice: creating device client; threaded=0
Direct3D:
    Version:  Direct3D 11.0 [level 11.1]
    Renderer: NVIDIA GeForce GTX 1060 with Max-Q Design (ID=0x1c20)
    Vendor:   
    VRAM:     6052 MB
    Driver:   27.21.14.6231
Initialize mono
Mono path[0] = 'D:/Unity/Editor/Data/Managed'
Mono path[1] = 'D:/Unity/Editor/Data/MonoBleedingEdge/lib/mono/unityjit'
Mono config path = 'D:/Unity/Editor/Data/MonoBleedingEdge/etc'
Using monoOptions --debugger-agent=transport=dt_socket,embedding=1,server=y,suspend=n,address=127.0.0.1:56876
Begin MonoManager ReloadAssembly
Registering precompiled unity dll's ...
Register platform support module: D:/Unity/Editor/Data/PlaybackEngines/WindowsStandaloneSupport/UnityEditor.WindowsStandalone.Extensions.dll
Registered in 0.004962 seconds.
Native extension for WindowsStandalone target not found
Refreshing native plugins compatible for Editor in 261.18 ms, found 0 plugins.
Preloading 0 native plugins for Editor in 0.00 ms.
Invoked RoslynAnalysisRunner static constructor.
RoslynAnalysisRunner will not be running.
RoslynAnalysisRunner has terminated.
Mono: successfully reloaded assembly
- Completed reload, in  6.393 seconds
Platform modules already initialized, skipping
Registering precompiled user dll's ...
Registered in 0.006252 seconds.
Begin MonoManager ReloadAssembly
Native extension for WindowsStandalone target not found
Refreshing native plugins compatible for Editor in 609.05 ms, found 0 plugins.
Preloading 0 native plugins for Editor in 0.00 ms.
Invoked RoslynAnalysisRunner static constructor.
RoslynAnalysisRunner will not be running.
RoslynAnalysisRunner has terminated.
Mono: successfully reloaded assembly
- Completed reload, in  8.391 seconds
Platform modules already initialized, skipping
========================================================================
Worker process is ready to serve import requests
Shader 'Universal Render Pipeline/Particles/Lit': fallback shader 'Universal Render Pipeline/Particles/SimpleLit' not found
Shader 'Universal Render Pipeline/Particles/Lit': fallback shader 'Universal Render Pipeline/Particles/SimpleLit' not found
Launched and connected shader compiler UnityShaderCompiler.exe after 0.76 seconds
Refreshing native plugins compatible for Editor in 2.36 ms, found 0 plugins.
Preloading 0 native plugins for Editor in 0.00 ms.
Unloading 2404 Unused Serialized files (Serialized files now loaded: 0)
System memory in use before: 114.9 MB.
System memory in use after: 113.0 MB.

Unloading 40 unused Assets to reduce memory usage. Loaded Objects now: 2821.
Total: 23.043100 ms (FindLiveObjects: 1.391200 ms CreateObjectMapping: 0.940100 ms MarkObjects: 11.360900 ms  DeleteObjects: 9.344500 ms)

========================================================================
Received Import Request.
  path: Assets/Shaders/Deep-Ice.shadergraph
  artifactKey: Guid(a1dfec8df4d7f7b4d8db40aa8b6a9a40) Importer(815301076,1909f56bfc062723c751e8b465ee728b)
Start importing Assets/Shaders/Deep-Ice.shadergraph using Guid(a1dfec8df4d7f7b4d8db40aa8b6a9a40) Importer(815301076,1909f56bfc062723c751e8b465ee728b)  -> (artifact id: 'b4bdc87d74ba1f34b547729e42cfdad6') in 0.316276 seconds
  Import took 0.499485 seconds .

========================================================================
Received Import Request.
  Time since last request: 1041.644831 seconds.
  path: Assets/Shaders/Snow.shadergraph
  artifactKey: Guid(c621f9c3404970b41b44f806fcc83a6e) Importer(815301076,1909f56bfc062723c751e8b465ee728b)
Start importing Assets/Shaders/Snow.shadergraph using Guid(c621f9c3404970b41b44f806fcc83a6e) Importer(815301076,1909f56bfc062723c751e8b465ee728b)  -> (artifact id: '4b832ac281308cb9c1bb4acce516f096') in 0.006317 seconds
  Import took 0.070087 seconds .

========================================================================
Received Import Request.
  Time since last request: 448.540613 seconds.
  path: Assets/Tree.prefab
  artifactKey: Guid(63e63b98e978ae04f96b6eae906dcd0f) Importer(815301076,1909f56bfc062723c751e8b465ee728b)
Start importing Assets/Tree.prefab using Guid(63e63b98e978ae04f96b6eae906dcd0f) Importer(815301076,1909f56bfc062723c751e8b465ee728b)  -> (artifact id: '734abe8baefe0685f835710ffe5f7573') in 0.800261 seconds
  Import took 0.807253 seconds .

========================================================================
Received Import Request.
  Time since last request: 593.285856 seconds.
  path: Assets/Shaders/Snow.shadergraph
  artifactKey: Guid(c621f9c3404970b41b44f806fcc83a6e) Importer(815301076,1909f56bfc062723c751e8b465ee728b)
Start importing Assets/Shaders/Snow.shadergraph using Guid(c621f9c3404970b41b44f806fcc83a6e) Importer(815301076,1909f56bfc062723c751e8b465ee728b)  -> (artifact id: 'c4090e6d6616c870aadeab0bf9f19689') in 0.004337 seconds
  Import took 0.011664 seconds .

========================================================================
Received Import Request.
  Time since last request: 0.515071 seconds.
  path: Assets/Shaders/Snow.shadergraph
  artifactKey: Guid(c621f9c3404970b41b44f806fcc83a6e) Importer(815301076,1909f56bfc062723c751e8b465ee728b)
Start importing Assets/Shaders/Snow.shadergraph using Guid(c621f9c3404970b41b44f806fcc83a6e) Importer(815301076,1909f56bfc062723c751e8b465ee728b)  -> (artifact id: 'c4090e6d6616c870aadeab0bf9f19689') in 0.005770 seconds
  Import took 0.014557 seconds .

========================================================================
Received Import Request.
  Time since last request: 1589.950635 seconds.
  path: Assets/BasicPackModels.fbx
  artifactKey: Guid(997e25bd8a821be45a994e743b417cf9) Importer(815301076,1909f56bfc062723c751e8b465ee728b)
Start importing Assets/BasicPackModels.fbx using Guid(997e25bd8a821be45a994e743b417cf9) Importer(815301076,1909f56bfc062723c751e8b465ee728b)  -> (artifact id: '01839e3ca446b3ec6eb117a731f45b7d') in 2.744900 seconds
  Import took 2.756284 seconds .

========================================================================
Received Import Request.
  Time since last request: 82.826930 seconds.
  path: Assets/BasicPackModels.fbx
  artifactKey: Guid(997e25bd8a821be45a994e743b417cf9) Importer(815301076,1909f56bfc062723c751e8b465ee728b)
Start importing Assets/BasicPackModels.fbx using Guid(997e25bd8a821be45a994e743b417cf9) Importer(815301076,1909f56bfc062723c751e8b465ee728b)  -> (artifact id: '74f32a75acba3367beed12312b214321') in 5.907512 seconds
  Import took 5.934309 seconds .

========================================================================
Received Prepare
Registering precompiled user dll's ...
Registered in 0.002566 seconds.
Begin MonoManager ReloadAssembly
Native extension for WindowsStandalone target not found
Refreshing native plugins compatible for Editor in 0.53 ms, found 0 plugins.
Preloading 0 native plugins for Editor in 0.00 ms.
Invoked RoslynAnalysisRunner static constructor.
RoslynAnalysisRunner will not be running.
RoslynAnalysisRunner has terminated.
Mono: successfully reloaded assembly
- Completed reload, in  2.417 seconds
Platform modules already initialized, skipping
Shader 'Universal Render Pipeline/Particles/Lit': fallback shader 'Universal Render Pipeline/Particles/SimpleLit' not found
Shader 'Universal Render Pipeline/Particles/Lit': fallback shader 'Universal Render Pipeline/Particles/SimpleLit' not found
Refreshing native plugins compatible for Editor in 2.71 ms, found 0 plugins.
Preloading 0 native plugins for Editor in 0.00 ms.
Unloading 2310 Unused Serialized files (Serialized files now loaded: 0)
System memory in use before: 118.2 MB.
System memory in use after: 116.3 MB.

Unloading 35 unused Assets to reduce memory usage. Loaded Objects now: 2910.
Total: 4.909900 ms (FindLiveObjects: 0.439800 ms CreateObjectMapping: 0.206000 ms MarkObjects: 2.779000 ms  DeleteObjects: 1.482500 ms)

========================================================================
Received Import Request.
  Time since last request: 1271.866148 seconds.
  path: Assets/AllSkyFree/Epic_BlueSunset
  artifactKey: Guid(6eb09a1750d2d4f609c0e79b804a9f3e) Importer(815301076,1909f56bfc062723c751e8b465ee728b)
Start importing Assets/AllSkyFree/Epic_BlueSunset using Guid(6eb09a1750d2d4f609c0e79b804a9f3e) Importer(815301076,1909f56bfc062723c751e8b465ee728b)  -> (artifact id: '5a48f040cc32bc1df6634ba335b08f5d') in 0.009146 seconds
  Import took 0.015373 seconds .

========================================================================
Received Import Request.
  Time since last request: 11.470394 seconds.
  path: Assets/AllSkyFree/Epic_BlueSunset/Epic_BlueSunset_EquiRect_flat.png
  artifactKey: Guid(e71fc492f440446b99875b8e1df890ba) Importer(815301076,1909f56bfc062723c751e8b465ee728b)
Start importing Assets/AllSkyFree/Epic_BlueSunset/Epic_BlueSunset_EquiRect_flat.png using Guid(e71fc492f440446b99875b8e1df890ba) Importer(815301076,1909f56bfc062723c751e8b465ee728b)  -> (artifact id: 'b1b65f10d35d8b58f99007095c971068') in 1.925806 seconds
  Import took 1.931871 seconds .

========================================================================
Received Import Request.
  Time since last request: 17.077324 seconds.
  path: Assets/AllSkyFree/Deep Dusk/Deep Dusk Equirect.png
  artifactKey: Guid(66e51860485ae4048a30f7e029e65af7) Importer(815301076,1909f56bfc062723c751e8b465ee728b)
Start importing Assets/AllSkyFree/Deep Dusk/Deep Dusk Equirect.png using Guid(66e51860485ae4048a30f7e029e65af7) Importer(815301076,1909f56bfc062723c751e8b465ee728b)  -> (artifact id: 'e872eaa33b811ab179f487e70cdd7d14') in 0.178857 seconds
  Import took 0.281432 seconds .

========================================================================
Received Import Request.
  Time since last request: 0.003265 seconds.
  path: Assets/AllSkyFree/Deep Dusk/Deep Dusk Equirect.png
  artifactKey: Guid(66e51860485ae4048a30f7e029e65af7) Importer(815301076,1909f56bfc062723c751e8b465ee728b)
Start importing Assets/AllSkyFree/Deep Dusk/Deep Dusk Equirect.png using Guid(66e51860485ae4048a30f7e029e65af7) Importer(815301076,1909f56bfc062723c751e8b465ee728b)  -> (artifact id: 'e872eaa33b811ab179f487e70cdd7d14') in 0.162282 seconds
  Import took 0.167014 seconds .

========================================================================
Received Import Request.
  Time since last request: 1.490819 seconds.
  path: Assets/AllSkyFree/Cold Sunset/Cold Sunset Equirect.png
  artifactKey: Guid(6fa3f446deee84c52aec507bd0aca28c) Importer(815301076,1909f56bfc062723c751e8b465ee728b)
Start importing Assets/AllSkyFree/Cold Sunset/Cold Sunset Equirect.png using Guid(6fa3f446deee84c52aec507bd0aca28c) Importer(815301076,1909f56bfc062723c751e8b465ee728b)  -> (artifact id: 'baa77d36e78ef61da9685d84062d8ddb') in 0.175874 seconds
  Import took 0.279053 seconds .

========================================================================
Received Import Request.
  Time since last request: 0.003026 seconds.
  path: Assets/AllSkyFree/Cold Sunset/Cold Sunset Equirect.png
  artifactKey: Guid(6fa3f446deee84c52aec507bd0aca28c) Importer(815301076,1909f56bfc062723c751e8b465ee728b)
Start importing Assets/AllSkyFree/Cold Sunset/Cold Sunset Equirect.png using Guid(6fa3f446deee84c52aec507bd0aca28c) Importer(815301076,1909f56bfc062723c751e8b465ee728b)  -> (artifact id: 'baa77d36e78ef61da9685d84062d8ddb') in 0.155849 seconds
  Import took 0.160616 seconds .

========================================================================
Received Import Request.
  Time since last request: 9.297930 seconds.
  path: Assets/AllSkyFree/Cold Night/Cold Night Equirect.png
  artifactKey: Guid(97259d0c0ea9f491692be825da27978a) Importer(815301076,1909f56bfc062723c751e8b465ee728b)
Start importing Assets/AllSkyFree/Cold Night/Cold Night Equirect.png using Guid(97259d0c0ea9f491692be825da27978a) Importer(815301076,1909f56bfc062723c751e8b465ee728b)  -> (artifact id: '10fb6c42e614c6114105afb0d9055c0e') in 0.184215 seconds
  Import took 0.190917 seconds .

========================================================================
Received Import Request.
  Time since last request: 0.003385 seconds.
  path: Assets/AllSkyFree/Cold Night/Cold Night Equirect.png
  artifactKey: Guid(97259d0c0ea9f491692be825da27978a) Importer(815301076,1909f56bfc062723c751e8b465ee728b)
Start importing Assets/AllSkyFree/Cold Night/Cold Night Equirect.png using Guid(97259d0c0ea9f491692be825da27978a) Importer(815301076,1909f56bfc062723c751e8b465ee728b)  -> (artifact id: '10fb6c42e614c6114105afb0d9055c0e') in 0.155111 seconds
  Import took 0.159590 seconds .

========================================================================
Received Import Request.
  Time since last request: 3.048577 seconds.
  path: Assets/AllSkyFree/Cartoon Base NightSky/Cartoon Base NightSky Equirect.png
  artifactKey: Guid(7659947706e294d97a22faa1d4011724) Importer(815301076,1909f56bfc062723c751e8b465ee728b)
Start importing Assets/AllSkyFree/Cartoon Base NightSky/Cartoon Base NightSky Equirect.png using Guid(7659947706e294d97a22faa1d4011724) Importer(815301076,1909f56bfc062723c751e8b465ee728b)  -> (artifact id: '100b746d3e7fc6ac6bfd811d17be46d7') in 0.187447 seconds
  Import took 0.277883 seconds .

========================================================================
Received Import Request.
  Time since last request: 0.002528 seconds.
  path: Assets/AllSkyFree/Cartoon Base NightSky/Cartoon Base NightSky Equirect.png
  artifactKey: Guid(7659947706e294d97a22faa1d4011724) Importer(815301076,1909f56bfc062723c751e8b465ee728b)
Start importing Assets/AllSkyFree/Cartoon Base NightSky/Cartoon Base NightSky Equirect.png using Guid(7659947706e294d97a22faa1d4011724) Importer(815301076,1909f56bfc062723c751e8b465ee728b)  -> (artifact id: '100b746d3e7fc6ac6bfd811d17be46d7') in 0.161414 seconds
  Import took 0.165916 seconds .

========================================================================
Received Import Request.
  Time since last request: 2.855793 seconds.
  path: Assets/AllSkyFree/Cartoon Base BlueSky/Sky_Day_BlueSky_Equirect.png
  artifactKey: Guid(d4c8dc343ae5d4673b7720ffdb1ddf00) Importer(815301076,1909f56bfc062723c751e8b465ee728b)
Start importing Assets/AllSkyFree/Cartoon Base BlueSky/Sky_Day_BlueSky_Equirect.png using Guid(d4c8dc343ae5d4673b7720ffdb1ddf00) Importer(815301076,1909f56bfc062723c751e8b465ee728b)  -> (artifact id: '6378ac2edb2e4132cc3e6e968d4b9f0c') in 0.181044 seconds
  Import took 0.186954 seconds .

========================================================================
Received Import Request.
  Time since last request: 2.471963 seconds.
  path: Assets/AllSkyFree/AllSkyDemoEnvironment/Materials
  artifactKey: Guid(63ef20d6e6f4c48558559c5cf75bb111) Importer(815301076,1909f56bfc062723c751e8b465ee728b)
Start importing Assets/AllSkyFree/AllSkyDemoEnvironment/Materials using Guid(63ef20d6e6f4c48558559c5cf75bb111) Importer(815301076,1909f56bfc062723c751e8b465ee728b)  -> (artifact id: '678e5d255718dfd021ee9da672430a1b') in 0.002691 seconds
  Import took 0.040065 seconds .

========================================================================
Received Import Request.
  Time since last request: 7.418235 seconds.
  path: Assets/AllSkyFree/Overcast Low/AllSky_Overcast4_Low.png
  artifactKey: Guid(c8f21f62fdb3e43c5b32917c84683698) Importer(815301076,1909f56bfc062723c751e8b465ee728b)
Start importing Assets/AllSkyFree/Overcast Low/AllSky_Overcast4_Low.png using Guid(c8f21f62fdb3e43c5b32917c84683698) Importer(815301076,1909f56bfc062723c751e8b465ee728b)  -> (artifact id: 'acb48cb0852a496aa3033f11d7af41bf') in 0.182769 seconds
  Import took 0.189492 seconds .

========================================================================
Received Import Request.
  Time since last request: 0.005762 seconds.
  path: Assets/AllSkyFree/Overcast Low/AllSky_Overcast4_Low.png
  artifactKey: Guid(c8f21f62fdb3e43c5b32917c84683698) Importer(815301076,1909f56bfc062723c751e8b465ee728b)
Start importing Assets/AllSkyFree/Overcast Low/AllSky_Overcast4_Low.png using Guid(c8f21f62fdb3e43c5b32917c84683698) Importer(815301076,1909f56bfc062723c751e8b465ee728b)  -> (artifact id: 'acb48cb0852a496aa3033f11d7af41bf') in 0.149468 seconds
  Import took 0.155477 seconds .

========================================================================
Received Import Request.
  Time since last request: 23.670743 seconds.
  path: Assets/AllSkyFree/Space_AnotherPlanet/AllSky_Space_AnotherPlanet Equirect.png
  artifactKey: Guid(393dd4c82e2a04ec08ef9f57528230c6) Importer(815301076,1909f56bfc062723c751e8b465ee728b)
Start importing Assets/AllSkyFree/Space_AnotherPlanet/AllSky_Space_AnotherPlanet Equirect.png using Guid(393dd4c82e2a04ec08ef9f57528230c6) Importer(815301076,1909f56bfc062723c751e8b465ee728b)  -> (artifact id: '6e742542e4330fd3cdd9cc6625221545') in 0.190415 seconds
  Import took 0.198466 seconds .

========================================================================
Received Import Request.
  Time since last request: 4.219309 seconds.
  path: Assets/AllSkyFree/Overcast Low
  artifactKey: Guid(63e1d590517f54841ad8cf519edf1256) Importer(815301076,1909f56bfc062723c751e8b465ee728b)
Start importing Assets/AllSkyFree/Overcast Low using Guid(63e1d590517f54841ad8cf519edf1256) Importer(815301076,1909f56bfc062723c751e8b465ee728b)  -> (artifact id: 'd2323660a1ac305c49562627fc22567f') in 0.002805 seconds
  Import took 0.007942 seconds .

========================================================================
Received Import Request.
  Time since last request: 16.449813 seconds.
  path: Assets/AllSkyFree/Space_AnotherPlanet
  artifactKey: Guid(5aa7b9311704b43fa88e82c5ec3baa46) Importer(815301076,1909f56bfc062723c751e8b465ee728b)
Start importing Assets/AllSkyFree/Space_AnotherPlanet using Guid(5aa7b9311704b43fa88e82c5ec3baa46) Importer(815301076,1909f56bfc062723c751e8b465ee728b)  -> (artifact id: '0c20c54468bfb7417ec3833874b15366') in 0.002644 seconds
  Import took 0.008750 seconds .

========================================================================
Received Prepare
Registering precompiled user dll's ...
Registered in 0.001733 seconds.
Begin MonoManager ReloadAssembly
Native extension for WindowsStandalone target not found
Refreshing native plugins compatible for Editor in 0.42 ms, found 0 plugins.
Preloading 0 native plugins for Editor in 0.00 ms.
Invoked RoslynAnalysisRunner static constructor.
RoslynAnalysisRunner will not be running.
RoslynAnalysisRunner has terminated.
Mono: successfully reloaded assembly
- Completed reload, in  1.036 seconds
Platform modules already initialized, skipping
Shader 'Universal Render Pipeline/Particles/Lit': fallback shader 'Universal Render Pipeline/Particles/SimpleLit' not found
Shader 'Universal Render Pipeline/Particles/Lit': fallback shader 'Universal Render Pipeline/Particles/SimpleLit' not found
Refreshing native plugins compatible for Editor in 0.40 ms, found 0 plugins.
Preloading 0 native plugins for Editor in 0.00 ms.
Unloading 2309 Unused Serialized files (Serialized files now loaded: 0)
System memory in use before: 118.4 MB.
System memory in use after: 116.6 MB.

Unloading 36 unused Assets to reduce memory usage. Loaded Objects now: 2914.
Total: 5.413600 ms (FindLiveObjects: 0.414000 ms CreateObjectMapping: 0.121300 ms MarkObjects: 3.076700 ms  DeleteObjects: 1.799500 ms)

========================================================================
Received Import Request.
  Time since last request: 15.435193 seconds.
  path: Assets/AllSkyFree/Cold Sunset
  artifactKey: Guid(e45cb2dd63729436e93f61f9933371db) Importer(815301076,1909f56bfc062723c751e8b465ee728b)
Start importing Assets/AllSkyFree/Cold Sunset using Guid(e45cb2dd63729436e93f61f9933371db) Importer(815301076,1909f56bfc062723c751e8b465ee728b)  -> (artifact id: '3bd78fb91f36e642bec6f27773d72a65') in 0.006814 seconds
  Import took 0.105519 seconds .

========================================================================
Received Import Request.
  Time since last request: 91.017610 seconds.
  path: Assets/AllSkyFree/Epic_GloriousPink
  artifactKey: Guid(edc1859f6d31046c9936ffb1609fabeb) Importer(815301076,1909f56bfc062723c751e8b465ee728b)
Start importing Assets/AllSkyFree/Epic_GloriousPink using Guid(edc1859f6d31046c9936ffb1609fabeb) Importer(815301076,1909f56bfc062723c751e8b465ee728b)  -> (artifact id: '104708030ed9ec60681dfc6b791cff88') in 0.003195 seconds
  Import took 0.011279 seconds .

========================================================================
Received Import Request.
  Time since last request: 2.094416 seconds.
  path: Assets/AllSkyFree/Cartoon Base NightSky
  artifactKey: Guid(edfd7568a47754e23b20068c1847c5fb) Importer(815301076,1909f56bfc062723c751e8b465ee728b)
Start importing Assets/AllSkyFree/Cartoon Base NightSky using Guid(edfd7568a47754e23b20068c1847c5fb) Importer(815301076,1909f56bfc062723c751e8b465ee728b)  -> (artifact id: 'eb000b97dbe78019477bfa1abe2d605d') in 0.002781 seconds
  Import took 0.007832 seconds .

========================================================================
Received Import Request.
  Time since last request: 0.281707 seconds.
  path: Assets/AllSkyFree/Cartoon Base BlueSky
  artifactKey: Guid(9f633969e0c5e4bfeba8bb43b5348d81) Importer(815301076,1909f56bfc062723c751e8b465ee728b)
Start importing Assets/AllSkyFree/Cartoon Base BlueSky using Guid(9f633969e0c5e4bfeba8bb43b5348d81) Importer(815301076,1909f56bfc062723c751e8b465ee728b)  -> (artifact id: 'e900bba1cad45d1f84cc5c15ce83705e') in 0.002821 seconds
  Import took 0.008113 seconds .

========================================================================
Received Import Request.
  Time since last request: 12.636841 seconds.
  path: Assets/AllSkyFree
  artifactKey: Guid(f8891ed836d31f141841d0097d53628e) Importer(815301076,1909f56bfc062723c751e8b465ee728b)
Start importing Assets/AllSkyFree using Guid(f8891ed836d31f141841d0097d53628e) Importer(815301076,1909f56bfc062723c751e8b465ee728b)  -> (artifact id: 'ff6dc34e946ea04a96217532f15af564') in 0.002719 seconds
  Import took 0.116287 seconds .

========================================================================
Received Import Request.
  Time since last request: 6.212470 seconds.
  path: Assets/Tree_Textures
  artifactKey: Guid(1283bfaec9d29b648b074a0945d00308) Importer(815301076,1909f56bfc062723c751e8b465ee728b)
Start importing Assets/Tree_Textures using Guid(1283bfaec9d29b648b074a0945d00308) Importer(815301076,1909f56bfc062723c751e8b465ee728b)  -> (artifact id: 'dad4cd94a4b7dd3b5c83528b515560be') in 0.002948 seconds
  Import took 0.008003 seconds .

========================================================================
Received Import Request.
  Time since last request: 7.465330 seconds.
  path: Assets/ASTROFISH_GAMES/MEDIEVAL_SERIES/MEDIEVAL_VILLAGE/MEDIEVAL_VILLLAGE_HD_DEMO
  artifactKey: Guid(edca1ecac3d1e7849a96e62d6860a778) Importer(815301076,1909f56bfc062723c751e8b465ee728b)
Start importing Assets/ASTROFISH_GAMES/MEDIEVAL_SERIES/MEDIEVAL_VILLAGE/MEDIEVAL_VILLLAGE_HD_DEMO using Guid(edca1ecac3d1e7849a96e62d6860a778) Importer(815301076,1909f56bfc062723c751e8b465ee728b)  -> (artifact id: '9a3dfaebde367e47b00944b934bcfbde') in 0.002985 seconds
  Import took 0.008096 seconds .

========================================================================
Received Import Request.
  Time since last request: 2.584029 seconds.
  path: Assets/ASTROFISH_GAMES/MEDIEVAL_SERIES/MEDIEVAL_VILLAGE/MEDIEVAL_VILLLAGE_HD_DEMO/Prfbs/Building.prefab
  artifactKey: Guid(842db95f600b38a4a936ac0db6ded7ad) Importer(815301076,1909f56bfc062723c751e8b465ee728b)
Start importing Assets/ASTROFISH_GAMES/MEDIEVAL_SERIES/MEDIEVAL_VILLAGE/MEDIEVAL_VILLLAGE_HD_DEMO/Prfbs/Building.prefab using Guid(842db95f600b38a4a936ac0db6ded7ad) Importer(815301076,1909f56bfc062723c751e8b465ee728b)  -> (artifact id: '69b1c6ff8ac0663d02c7f843dcf68ca0') in 0.298835 seconds
  Import took 0.306186 seconds .

========================================================================
Received Import Request.
  Time since last request: 1.454061 seconds.
  path: Assets/ASTROFISH_GAMES/MEDIEVAL_SERIES/MEDIEVAL_VILLAGE/MEDIEVAL_VILLLAGE_HD_DEMO/Prfbs/Medieval_Assembly_Rock_C.prefab
  artifactKey: Guid(db72df50bbb555a43900bdc3ec5da828) Importer(815301076,1909f56bfc062723c751e8b465ee728b)
Start importing Assets/ASTROFISH_GAMES/MEDIEVAL_SERIES/MEDIEVAL_VILLAGE/MEDIEVAL_VILLLAGE_HD_DEMO/Prfbs/Medieval_Assembly_Rock_C.prefab using Guid(db72df50bbb555a43900bdc3ec5da828) Importer(815301076,1909f56bfc062723c751e8b465ee728b)  -> (artifact id: 'a29ec0e66c46a56f26defc26e931dc5b') in 0.053722 seconds
  Import took 0.112163 seconds .

========================================================================
Received Import Request.
  Time since last request: 22.929618 seconds.
  path: Assets/ASTROFISH_GAMES/MEDIEVAL_SERIES/MEDIEVAL_VILLAGE/MEDIEVAL_VILLLAGE_HD_DEMO/Mods/Medieval_Assembly_Rock_C.FBX
  artifactKey: Guid(816c2e83b9868a64ab396ca8c2830b18) Importer(815301076,1909f56bfc062723c751e8b465ee728b)
Start importing Assets/ASTROFISH_GAMES/MEDIEVAL_SERIES/MEDIEVAL_VILLAGE/MEDIEVAL_VILLLAGE_HD_DEMO/Mods/Medieval_Assembly_Rock_C.FBX using Guid(816c2e83b9868a64ab396ca8c2830b18) Importer(815301076,1909f56bfc062723c751e8b465ee728b)  -> (artifact id: '57fde0e33d74e411c4089ceab5e242f6') in 0.091631 seconds
  Import took 0.109555 seconds .

========================================================================
Received Import Request.
  Time since last request: 0.536350 seconds.
  path: Assets/ASTROFISH_GAMES/MEDIEVAL_SERIES/MEDIEVAL_VILLAGE/MEDIEVAL_VILLLAGE_HD_DEMO/Mods/Medieval_Chimney_Small.FBX
  artifactKey: Guid(5117415101b4ca34eb06f6c4ccdd33b1) Importer(815301076,1909f56bfc062723c751e8b465ee728b)
Start importing Assets/ASTROFISH_GAMES/MEDIEVAL_SERIES/MEDIEVAL_VILLAGE/MEDIEVAL_VILLLAGE_HD_DEMO/Mods/Medieval_Chimney_Small.FBX using Guid(5117415101b4ca34eb06f6c4ccdd33b1) Importer(815301076,1909f56bfc062723c751e8b465ee728b)  -> (artifact id: '32adecd05915b4f5cc8624f23191b9e5') in 0.074491 seconds
  Import took 0.081381 seconds .

========================================================================
Received Import Request.
  Time since last request: 0.316395 seconds.
  path: Assets/ASTROFISH_GAMES/MEDIEVAL_SERIES/MEDIEVAL_VILLAGE/MEDIEVAL_VILLLAGE_HD_DEMO/Mods/Medieval_Door_CurvedShort.FBX
  artifactKey: Guid(bfbcb6a175cd78540b23a3771ecbf8ad) Importer(815301076,1909f56bfc062723c751e8b465ee728b)
Start importing Assets/ASTROFISH_GAMES/MEDIEVAL_SERIES/MEDIEVAL_VILLAGE/MEDIEVAL_VILLLAGE_HD_DEMO/Mods/Medieval_Door_CurvedShort.FBX using Guid(bfbcb6a175cd78540b23a3771ecbf8ad) Importer(815301076,1909f56bfc062723c751e8b465ee728b)  -> (artifact id: 'e1233d722d779d1ce515d2397cbbf376') in 0.062240 seconds
  Import took 0.067110 seconds .

========================================================================
Received Import Request.
  Time since last request: 0.973448 seconds.
  path: Assets/ASTROFISH_GAMES/MEDIEVAL_SERIES/MEDIEVAL_VILLAGE/MEDIEVAL_VILLLAGE_HD_DEMO/Mats
  artifactKey: Guid(f70aa9c52ea163d4087223cee8033bda) Importer(815301076,1909f56bfc062723c751e8b465ee728b)
Start importing Assets/ASTROFISH_GAMES/MEDIEVAL_SERIES/MEDIEVAL_VILLAGE/MEDIEVAL_VILLLAGE_HD_DEMO/Mats using Guid(f70aa9c52ea163d4087223cee8033bda) Importer(815301076,1909f56bfc062723c751e8b465ee728b)  -> (artifact id: '052ae4e7f734fe63746b3aba7ed43f0c') in 0.003578 seconds
  Import took 0.008617 seconds .

========================================================================
Received Import Request.
  Time since last request: 7.415537 seconds.
  path: Assets/ASTROFISH_GAMES/MEDIEVAL_SERIES/MEDIEVAL_VILLAGE/MEDIEVAL_VILLLAGE_HD_DEMO/Mods/Medieval_Chimney_Small_Half.FBX
  artifactKey: Guid(985240cdcfb744f498f897c7affab12c) Importer(815301076,1909f56bfc062723c751e8b465ee728b)
Start importing Assets/ASTROFISH_GAMES/MEDIEVAL_SERIES/MEDIEVAL_VILLAGE/MEDIEVAL_VILLLAGE_HD_DEMO/Mods/Medieval_Chimney_Small_Half.FBX using Guid(985240cdcfb744f498f897c7affab12c) Importer(815301076,1909f56bfc062723c751e8b465ee728b)  -> (artifact id: 'da8383eb70f171d5df64f710de1bc98b') in 0.073586 seconds
  Import took 0.080443 seconds .

========================================================================
Received Import Request.
  Time since last request: 0.505043 seconds.
  path: Assets/ASTROFISH_GAMES/MEDIEVAL_SERIES/MEDIEVAL_VILLAGE/MEDIEVAL_VILLLAGE_HD_DEMO/Mods/Medieval_Foliage_Ferns.FBX
  artifactKey: Guid(9e8f804a2c3822347b496dec7395b0c6) Importer(815301076,1909f56bfc062723c751e8b465ee728b)
Start importing Assets/ASTROFISH_GAMES/MEDIEVAL_SERIES/MEDIEVAL_VILLAGE/MEDIEVAL_VILLLAGE_HD_DEMO/Mods/Medieval_Foliage_Ferns.FBX using Guid(9e8f804a2c3822347b496dec7395b0c6) Importer(815301076,1909f56bfc062723c751e8b465ee728b)  -> (artifact id: '13493da3530b27079d8bee92b7952e35') in 0.149179 seconds
  Import took 0.154534 seconds .

========================================================================
Received Import Request.
  Time since last request: 0.062965 seconds.
  path: Assets/ASTROFISH_GAMES/MEDIEVAL_SERIES/MEDIEVAL_VILLAGE/MEDIEVAL_VILLLAGE_HD_DEMO/Mods/Medieval_Foliage_IvyVines.FBX
  artifactKey: Guid(e76d94a405b39a54682588c753f5bb83) Importer(815301076,1909f56bfc062723c751e8b465ee728b)
Start importing Assets/ASTROFISH_GAMES/MEDIEVAL_SERIES/MEDIEVAL_VILLAGE/MEDIEVAL_VILLLAGE_HD_DEMO/Mods/Medieval_Foliage_IvyVines.FBX using Guid(e76d94a405b39a54682588c753f5bb83) Importer(815301076,1909f56bfc062723c751e8b465ee728b)  -> (artifact id: '7d6192e80ee22acd6fffde99c56a1801') in 0.094495 seconds
  Import took 0.101703 seconds .

========================================================================
Received Import Request.
  Time since last request: 0.090716 seconds.
  path: Assets/ASTROFISH_GAMES/MEDIEVAL_SERIES/MEDIEVAL_VILLAGE/MEDIEVAL_VILLLAGE_HD_DEMO/Mods/Medieval_Foundations.FBX
  artifactKey: Guid(c50599dee92a38c459f1e4000820ea17) Importer(815301076,1909f56bfc062723c751e8b465ee728b)
Start importing Assets/ASTROFISH_GAMES/MEDIEVAL_SERIES/MEDIEVAL_VILLAGE/MEDIEVAL_VILLLAGE_HD_DEMO/Mods/Medieval_Foundations.FBX using Guid(c50599dee92a38c459f1e4000820ea17) Importer(815301076,1909f56bfc062723c751e8b465ee728b)  -> (artifact id: '14db83f3dda3b18b5397bb398c667867') in 0.069069 seconds
  Import took 0.085805 seconds .

========================================================================
Received Import Request.
  Time since last request: 0.138748 seconds.
  path: Assets/ASTROFISH_GAMES/MEDIEVAL_SERIES/MEDIEVAL_VILLAGE/MEDIEVAL_VILLLAGE_HD_DEMO/Mods/Medieval_IronFixtures_Armature.FBX
  artifactKey: Guid(9f55e464ade0f574ca8fe3e2687ba24d) Importer(815301076,1909f56bfc062723c751e8b465ee728b)
Start importing Assets/ASTROFISH_GAMES/MEDIEVAL_SERIES/MEDIEVAL_VILLAGE/MEDIEVAL_VILLLAGE_HD_DEMO/Mods/Medieval_IronFixtures_Armature.FBX using Guid(9f55e464ade0f574ca8fe3e2687ba24d) Importer(815301076,1909f56bfc062723c751e8b465ee728b)  -> (artifact id: '996947dd784cb157a15de07d0fc9edfe') in 0.071997 seconds
  Import took 0.077327 seconds .

========================================================================
Received Import Request.
  Time since last request: 0.681024 seconds.
  path: Assets/ASTROFISH_GAMES/MEDIEVAL_SERIES/MEDIEVAL_VILLAGE/MEDIEVAL_VILLLAGE_HD_DEMO/Mods/Medieval_IronFixtures_ArowRailing_Long.FBX
  artifactKey: Guid(2925157e85649b541a622360879e5cae) Importer(815301076,1909f56bfc062723c751e8b465ee728b)
Start importing Assets/ASTROFISH_GAMES/MEDIEVAL_SERIES/MEDIEVAL_VILLAGE/MEDIEVAL_VILLLAGE_HD_DEMO/Mods/Medieval_IronFixtures_ArowRailing_Long.FBX using Guid(2925157e85649b541a622360879e5cae) Importer(815301076,1909f56bfc062723c751e8b465ee728b)  -> (artifact id: '49430e20947cc83212871d93974a3259') in 0.065085 seconds
  Import took 0.077378 seconds .

========================================================================
Received Import Request.
  Time since last request: 0.224811 seconds.
  path: Assets/ASTROFISH_GAMES/MEDIEVAL_SERIES/MEDIEVAL_VILLAGE/MEDIEVAL_VILLLAGE_HD_DEMO/Mods/Medieval_IronFixtures_Chimney.FBX
  artifactKey: Guid(484d3e32a91137743b1bc84ed245b55b) Importer(815301076,1909f56bfc062723c751e8b465ee728b)
Start importing Assets/ASTROFISH_GAMES/MEDIEVAL_SERIES/MEDIEVAL_VILLAGE/MEDIEVAL_VILLLAGE_HD_DEMO/Mods/Medieval_IronFixtures_Chimney.FBX using Guid(484d3e32a91137743b1bc84ed245b55b) Importer(815301076,1909f56bfc062723c751e8b465ee728b)  -> (artifact id: '9c3ffcb6dff3f1aa502bcb2a59a2b5f1') in 0.019317 seconds
  Import took 0.023692 seconds .

========================================================================
Received Import Request.
  Time since last request: 0.008158 seconds.
  path: Assets/ASTROFISH_GAMES/MEDIEVAL_SERIES/MEDIEVAL_VILLAGE/MEDIEVAL_VILLLAGE_HD_DEMO/Mods/Medieval_IronFixtures_Chimney.FBX
  artifactKey: Guid(484d3e32a91137743b1bc84ed245b55b) Importer(815301076,1909f56bfc062723c751e8b465ee728b)
Start importing Assets/ASTROFISH_GAMES/MEDIEVAL_SERIES/MEDIEVAL_VILLAGE/MEDIEVAL_VILLLAGE_HD_DEMO/Mods/Medieval_IronFixtures_Chimney.FBX using Guid(484d3e32a91137743b1bc84ed245b55b) Importer(815301076,1909f56bfc062723c751e8b465ee728b)  -> (artifact id: '9c3ffcb6dff3f1aa502bcb2a59a2b5f1') in 0.025538 seconds
  Import took 0.030898 seconds .

========================================================================
Received Import Request.
  Time since last request: 0.192514 seconds.
  path: Assets/ASTROFISH_GAMES/MEDIEVAL_SERIES/MEDIEVAL_VILLAGE/MEDIEVAL_VILLLAGE_HD_DEMO/Mods/Medieval_IronFixtures_Knocker.FBX
  artifactKey: Guid(c7b6c723d02f54a498e52ed84462f6b8) Importer(815301076,1909f56bfc062723c751e8b465ee728b)
Start importing Assets/ASTROFISH_GAMES/MEDIEVAL_SERIES/MEDIEVAL_VILLAGE/MEDIEVAL_VILLLAGE_HD_DEMO/Mods/Medieval_IronFixtures_Knocker.FBX using Guid(c7b6c723d02f54a498e52ed84462f6b8) Importer(815301076,1909f56bfc062723c751e8b465ee728b)  -> (artifact id: '70ed1b6b5c3ecc92bb5b8137f476ae15') in 0.054349 seconds
  Import took 0.072107 seconds .

========================================================================
Received Import Request.
  Time since last request: 0.131992 seconds.
  path: Assets/ASTROFISH_GAMES/MEDIEVAL_SERIES/MEDIEVAL_VILLAGE/MEDIEVAL_VILLLAGE_HD_DEMO/Mods/Medieval_IronFixtures_LargeTorch.FBX
  artifactKey: Guid(8a88ca2813250144baa659c8d6786a4a) Importer(815301076,1909f56bfc062723c751e8b465ee728b)
Start importing Assets/ASTROFISH_GAMES/MEDIEVAL_SERIES/MEDIEVAL_VILLAGE/MEDIEVAL_VILLLAGE_HD_DEMO/Mods/Medieval_IronFixtures_LargeTorch.FBX using Guid(8a88ca2813250144baa659c8d6786a4a) Importer(815301076,1909f56bfc062723c751e8b465ee728b)  -> (artifact id: 'c45a6f383c2f93c33eb1eb5fade283b3') in 0.063786 seconds
  Import took 0.076766 seconds .

========================================================================
Received Import Request.
  Time since last request: 0.114169 seconds.
  path: Assets/ASTROFISH_GAMES/MEDIEVAL_SERIES/MEDIEVAL_VILLAGE/MEDIEVAL_VILLLAGE_HD_DEMO/Mods/Medieval_Masonary_DoorOrnate.FBX
  artifactKey: Guid(3526a3c0ea5e31042bb2dc939a2a5c53) Importer(815301076,1909f56bfc062723c751e8b465ee728b)
Start importing Assets/ASTROFISH_GAMES/MEDIEVAL_SERIES/MEDIEVAL_VILLAGE/MEDIEVAL_VILLLAGE_HD_DEMO/Mods/Medieval_Masonary_DoorOrnate.FBX using Guid(3526a3c0ea5e31042bb2dc939a2a5c53) Importer(815301076,1909f56bfc062723c751e8b465ee728b)  -> (artifact id: 'e7295e8d05a7e1cff61c2ba4b6288316') in 0.061388 seconds
  Import took 0.127085 seconds .

========================================================================
Received Import Request.
  Time since last request: 0.071663 seconds.
  path: Assets/ASTROFISH_GAMES/MEDIEVAL_SERIES/MEDIEVAL_VILLAGE/MEDIEVAL_VILLLAGE_HD_DEMO/Mods/Medieval_Masonary_StepsPlatform_Cropped.FBX
  artifactKey: Guid(f4b7190fd2e36d749b0a2a940c1e6c2d) Importer(815301076,1909f56bfc062723c751e8b465ee728b)
Start importing Assets/ASTROFISH_GAMES/MEDIEVAL_SERIES/MEDIEVAL_VILLAGE/MEDIEVAL_VILLLAGE_HD_DEMO/Mods/Medieval_Masonary_StepsPlatform_Cropped.FBX using Guid(f4b7190fd2e36d749b0a2a940c1e6c2d) Importer(815301076,1909f56bfc062723c751e8b465ee728b)  -> (artifact id: '867605b37a0f2f22eef002919149792e') in 0.061485 seconds
  Import took 0.076476 seconds .

========================================================================
Received Import Request.
  Time since last request: 0.116059 seconds.
  path: Assets/ASTROFISH_GAMES/MEDIEVAL_SERIES/MEDIEVAL_VILLAGE/MEDIEVAL_VILLLAGE_HD_DEMO/Mods/medieval_masonary_woodlarge_strongsupportcolumn.fbx
  artifactKey: Guid(82db9756dc7cfbf4aae105ac9592cb4c) Importer(815301076,1909f56bfc062723c751e8b465ee728b)
Start importing Assets/ASTROFISH_GAMES/MEDIEVAL_SERIES/MEDIEVAL_VILLAGE/MEDIEVAL_VILLLAGE_HD_DEMO/Mods/medieval_masonary_woodlarge_strongsupportcolumn.fbx using Guid(82db9756dc7cfbf4aae105ac9592cb4c) Importer(815301076,1909f56bfc062723c751e8b465ee728b)  -> (artifact id: 'f786fd3e55e3b6d9f0555ad5205506bc') in 0.054369 seconds
  Import took 0.071549 seconds .

========================================================================
Received Import Request.
  Time since last request: 0.134124 seconds.
  path: Assets/ASTROFISH_GAMES/MEDIEVAL_SERIES/MEDIEVAL_VILLAGE/MEDIEVAL_VILLLAGE_HD_DEMO/Mods/Medieval_PlasterWalls_A_Cross.FBX
  artifactKey: Guid(e0e439df37b19904e9df4d5c93713ec2) Importer(815301076,1909f56bfc062723c751e8b465ee728b)
Start importing Assets/ASTROFISH_GAMES/MEDIEVAL_SERIES/MEDIEVAL_VILLAGE/MEDIEVAL_VILLLAGE_HD_DEMO/Mods/Medieval_PlasterWalls_A_Cross.FBX using Guid(e0e439df37b19904e9df4d5c93713ec2) Importer(815301076,1909f56bfc062723c751e8b465ee728b)  -> (artifact id: '3d2417c4c5e989530595b4166d3b4f25') in 0.053218 seconds
  Import took 0.059606 seconds .

========================================================================
Received Import Request.
  Time since last request: 0.152693 seconds.
  path: Assets/ASTROFISH_GAMES/MEDIEVAL_SERIES/MEDIEVAL_VILLAGE/MEDIEVAL_VILLLAGE_HD_DEMO/Mods/Medieval_PlasterWalls_B_MasonaryWall.FBX
  artifactKey: Guid(ea0b416652d05b540a7de7c8855618d3) Importer(815301076,1909f56bfc062723c751e8b465ee728b)
Start importing Assets/ASTROFISH_GAMES/MEDIEVAL_SERIES/MEDIEVAL_VILLAGE/MEDIEVAL_VILLLAGE_HD_DEMO/Mods/Medieval_PlasterWalls_B_MasonaryWall.FBX using Guid(ea0b416652d05b540a7de7c8855618d3) Importer(815301076,1909f56bfc062723c751e8b465ee728b)  -> (artifact id: '4058809eedf4c45e4856231b1d044790') in 0.079134 seconds
  Import took 0.083405 seconds .

========================================================================
Received Import Request.
  Time since last request: 0.138115 seconds.
  path: Assets/ASTROFISH_GAMES/MEDIEVAL_SERIES/MEDIEVAL_VILLAGE/MEDIEVAL_VILLLAGE_HD_DEMO/Mods/Medieval_Platforms_LoosePlank_01.FBX
  artifactKey: Guid(93ac217c1f14011459cc75317830c536) Importer(815301076,1909f56bfc062723c751e8b465ee728b)
Start importing Assets/ASTROFISH_GAMES/MEDIEVAL_SERIES/MEDIEVAL_VILLAGE/MEDIEVAL_VILLLAGE_HD_DEMO/Mods/Medieval_Platforms_LoosePlank_01.FBX using Guid(93ac217c1f14011459cc75317830c536) Importer(815301076,1909f56bfc062723c751e8b465ee728b)  -> (artifact id: '5cefba4d9bbad17eabcf7b2e0d0f3f1f') in 0.024205 seconds
  Import took 0.029487 seconds .

========================================================================
Received Import Request.
  Time since last request: 0.209163 seconds.
  path: Assets/ASTROFISH_GAMES/MEDIEVAL_SERIES/MEDIEVAL_VILLAGE/MEDIEVAL_VILLLAGE_HD_DEMO/Mods/Medieval_Platforms_LoosePlank_02.FBX
  artifactKey: Guid(47bab43b0f063fa4da8320cd35c6471c) Importer(815301076,1909f56bfc062723c751e8b465ee728b)
Start importing Assets/ASTROFISH_GAMES/MEDIEVAL_SERIES/MEDIEVAL_VILLAGE/MEDIEVAL_VILLLAGE_HD_DEMO/Mods/Medieval_Platforms_LoosePlank_02.FBX using Guid(47bab43b0f063fa4da8320cd35c6471c) Importer(815301076,1909f56bfc062723c751e8b465ee728b)  -> (artifact id: '69a58bb763624fdc36544e4f04cc2fb6') in 0.024944 seconds
  Import took 0.029964 seconds .

========================================================================
Received Import Request.
  Time since last request: 0.201151 seconds.
  path: Assets/ASTROFISH_GAMES/MEDIEVAL_SERIES/MEDIEVAL_VILLAGE/MEDIEVAL_VILLLAGE_HD_DEMO/Mods/Medieval_Platforms_Planks.FBX
  artifactKey: Guid(a0cef0a4c581b714fb640f6ebb105224) Importer(815301076,1909f56bfc062723c751e8b465ee728b)
Start importing Assets/ASTROFISH_GAMES/MEDIEVAL_SERIES/MEDIEVAL_VILLAGE/MEDIEVAL_VILLLAGE_HD_DEMO/Mods/Medieval_Platforms_Planks.FBX using Guid(a0cef0a4c581b714fb640f6ebb105224) Importer(815301076,1909f56bfc062723c751e8b465ee728b)  -> (artifact id: '18e9daeb1efb56fe458d560b976fefeb') in 0.056405 seconds
  Import took 0.061931 seconds .

========================================================================
Received Import Request.
  Time since last request: 0.164520 seconds.
  path: Assets/ASTROFISH_GAMES/MEDIEVAL_SERIES/MEDIEVAL_VILLAGE/MEDIEVAL_VILLLAGE_HD_DEMO/Mods/Medieval_Platforms_PlanksNailed.FBX
  artifactKey: Guid(ee464936e1c33d64fb36dcf461d0a44a) Importer(815301076,1909f56bfc062723c751e8b465ee728b)
Start importing Assets/ASTROFISH_GAMES/MEDIEVAL_SERIES/MEDIEVAL_VILLAGE/MEDIEVAL_VILLLAGE_HD_DEMO/Mods/Medieval_Platforms_PlanksNailed.FBX using Guid(ee464936e1c33d64fb36dcf461d0a44a) Importer(815301076,1909f56bfc062723c751e8b465ee728b)  -> (artifact id: 'f0127445e02828eb6e421bb18e1cbb69') in 0.051395 seconds
  Import took 0.056402 seconds .

========================================================================
Received Import Request.
  Time since last request: 0.165603 seconds.
  path: Assets/ASTROFISH_GAMES/MEDIEVAL_SERIES/MEDIEVAL_VILLAGE/MEDIEVAL_VILLLAGE_HD_DEMO/Mods/Medieval_RoofTiles_TopCorner.FBX
  artifactKey: Guid(6ad49aa469aecae4aac7194e5450ee35) Importer(815301076,1909f56bfc062723c751e8b465ee728b)
Start importing Assets/ASTROFISH_GAMES/MEDIEVAL_SERIES/MEDIEVAL_VILLAGE/MEDIEVAL_VILLLAGE_HD_DEMO/Mods/Medieval_RoofTiles_TopCorner.FBX using Guid(6ad49aa469aecae4aac7194e5450ee35) Importer(815301076,1909f56bfc062723c751e8b465ee728b)  -> (artifact id: '28ebb0e92fb4d1423a2b984eac7c0a12') in 0.048805 seconds
  Import took 0.054904 seconds .

========================================================================
Received Import Request.
  Time since last request: 0.002828 seconds.
  path: Assets/ASTROFISH_GAMES/MEDIEVAL_SERIES/MEDIEVAL_VILLAGE/MEDIEVAL_VILLLAGE_HD_DEMO/Mods/Medieval_RoofTiles_TopCorner.FBX
  artifactKey: Guid(6ad49aa469aecae4aac7194e5450ee35) Importer(815301076,1909f56bfc062723c751e8b465ee728b)
Start importing Assets/ASTROFISH_GAMES/MEDIEVAL_SERIES/MEDIEVAL_VILLAGE/MEDIEVAL_VILLLAGE_HD_DEMO/Mods/Medieval_RoofTiles_TopCorner.FBX using Guid(6ad49aa469aecae4aac7194e5450ee35) Importer(815301076,1909f56bfc062723c751e8b465ee728b)  -> (artifact id: '28ebb0e92fb4d1423a2b984eac7c0a12') in 0.045593 seconds
  Import took 0.051097 seconds .

========================================================================
Received Import Request.
  Time since last request: 0.103418 seconds.
  path: Assets/ASTROFISH_GAMES/MEDIEVAL_SERIES/MEDIEVAL_VILLAGE/MEDIEVAL_VILLLAGE_HD_DEMO/Mods/Medieval_RoofWall_MedA.FBX
  artifactKey: Guid(32a98b25cba5f6e4e90c2f9c75531fb0) Importer(815301076,1909f56bfc062723c751e8b465ee728b)
Start importing Assets/ASTROFISH_GAMES/MEDIEVAL_SERIES/MEDIEVAL_VILLAGE/MEDIEVAL_VILLLAGE_HD_DEMO/Mods/Medieval_RoofWall_MedA.FBX using Guid(32a98b25cba5f6e4e90c2f9c75531fb0) Importer(815301076,1909f56bfc062723c751e8b465ee728b)  -> (artifact id: 'ce017d4e119dc87027af147b1a40ab4f') in 0.095067 seconds
  Import took 0.196135 seconds .

========================================================================
Received Import Request.
  Time since last request: 0.304267 seconds.
  path: Assets/ASTROFISH_GAMES/MEDIEVAL_SERIES/MEDIEVAL_VILLAGE/MEDIEVAL_VILLLAGE_HD_DEMO/Mods/Medieval_StoneFloor_D.FBX
  artifactKey: Guid(2dcd574a02b4caf4c8a1a2c426f2721b) Importer(815301076,1909f56bfc062723c751e8b465ee728b)
Start importing Assets/ASTROFISH_GAMES/MEDIEVAL_SERIES/MEDIEVAL_VILLAGE/MEDIEVAL_VILLLAGE_HD_DEMO/Mods/Medieval_StoneFloor_D.FBX using Guid(2dcd574a02b4caf4c8a1a2c426f2721b) Importer(815301076,1909f56bfc062723c751e8b465ee728b)  -> (artifact id: '799f5cdbb3e763ece1d6f298ede7f0f2') in 0.049806 seconds
  Import took 0.055096 seconds .

========================================================================
Received Import Request.
  Time since last request: 0.252352 seconds.
  path: Assets/ASTROFISH_GAMES/MEDIEVAL_SERIES/MEDIEVAL_VILLAGE/MEDIEVAL_VILLLAGE_HD_DEMO/Mods/Medieval_StoneFloor_E.FBX
  artifactKey: Guid(a2437e9d52f873b49af4ba67cef60ca2) Importer(815301076,1909f56bfc062723c751e8b465ee728b)
Start importing Assets/ASTROFISH_GAMES/MEDIEVAL_SERIES/MEDIEVAL_VILLAGE/MEDIEVAL_VILLLAGE_HD_DEMO/Mods/Medieval_StoneFloor_E.FBX using Guid(a2437e9d52f873b49af4ba67cef60ca2) Importer(815301076,1909f56bfc062723c751e8b465ee728b)  -> (artifact id: '12f49bddeea694a7377f7991e9d66d26') in 0.043127 seconds
  Import took 0.048758 seconds .

========================================================================
Received Import Request.
  Time since last request: 0.448977 seconds.
  path: Assets/ASTROFISH_GAMES/MEDIEVAL_SERIES/MEDIEVAL_VILLAGE/MEDIEVAL_VILLLAGE_HD_DEMO/Prfbs
  artifactKey: Guid(023a8387b554a644caaaf1cb72c8c561) Importer(815301076,1909f56bfc062723c751e8b465ee728b)
Start importing Assets/ASTROFISH_GAMES/MEDIEVAL_SERIES/MEDIEVAL_VILLAGE/MEDIEVAL_VILLLAGE_HD_DEMO/Prfbs using Guid(023a8387b554a644caaaf1cb72c8c561) Importer(815301076,1909f56bfc062723c751e8b465ee728b)  -> (artifact id: '146749992e822f19a500c480be8eec9e') in 0.002979 seconds
  Import took 0.014958 seconds .

========================================================================
Received Import Request.
  Time since last request: 3.994988 seconds.
  path: Assets/ASTROFISH_GAMES
  artifactKey: Guid(b545bbb8f058f334b986c1cb0dd0e967) Importer(815301076,1909f56bfc062723c751e8b465ee728b)
Start importing Assets/ASTROFISH_GAMES using Guid(b545bbb8f058f334b986c1cb0dd0e967) Importer(815301076,1909f56bfc062723c751e8b465ee728b)  -> (artifact id: '1493852a8b7d64bfa701a887f39504bc') in 0.002807 seconds
  Import took 0.007690 seconds .

========================================================================
Received Prepare
Registering precompiled user dll's ...
Registered in 0.001425 seconds.
Begin MonoManager ReloadAssembly
Native extension for WindowsStandalone target not found
Refreshing native plugins compatible for Editor in 0.60 ms, found 0 plugins.
Preloading 0 native plugins for Editor in 0.00 ms.
Invoked RoslynAnalysisRunner static constructor.
RoslynAnalysisRunner will not be running.
RoslynAnalysisRunner has terminated.
Mono: successfully reloaded assembly
- Completed reload, in  1.143 seconds
Platform modules already initialized, skipping
Shader 'Universal Render Pipeline/Particles/Lit': fallback shader 'Universal Render Pipeline/Particles/SimpleLit' not found
Shader 'Universal Render Pipeline/Particles/Lit': fallback shader 'Universal Render Pipeline/Particles/SimpleLit' not found
Refreshing native plugins compatible for Editor in 0.41 ms, found 0 plugins.
Preloading 0 native plugins for Editor in 0.00 ms.
Unloading 2310 Unused Serialized files (Serialized files now loaded: 0)
System memory in use before: 118.7 MB.
System memory in use after: 116.8 MB.

Unloading 35 unused Assets to reduce memory usage. Loaded Objects now: 2953.
Total: 3.771100 ms (FindLiveObjects: 0.299300 ms CreateObjectMapping: 0.112800 ms MarkObjects: 1.952100 ms  DeleteObjects: 1.405900 ms)

========================================================================
Received Import Request.
  Time since last request: 278.843075 seconds.
  path: Assets/ASTROFISH_GAMES/MEDIEVAL_SERIES/MEDIEVAL_VILLAGE/MEDIEVAL_VILLLAGE_HD_DEMO/Mods
  artifactKey: Guid(1faaca8ff064e7d44a9adfff7dbde66a) Importer(815301076,1909f56bfc062723c751e8b465ee728b)
Start importing Assets/ASTROFISH_GAMES/MEDIEVAL_SERIES/MEDIEVAL_VILLAGE/MEDIEVAL_VILLLAGE_HD_DEMO/Mods using Guid(1faaca8ff064e7d44a9adfff7dbde66a) Importer(815301076,1909f56bfc062723c751e8b465ee728b)  -> (artifact id: '2e6b2e19943d5c71f520a440415c4b1d') in 0.005240 seconds
  Import took 0.009696 seconds .

========================================================================
Received Import Request.
  Time since last request: 0.006730 seconds.
  path: Assets/ASTROFISH_GAMES/MEDIEVAL_SERIES/MEDIEVAL_VILLAGE/MEDIEVAL_VILLLAGE_HD_DEMO/Mods
  artifactKey: Guid(1faaca8ff064e7d44a9adfff7dbde66a) Importer(815301076,1909f56bfc062723c751e8b465ee728b)
Start importing Assets/ASTROFISH_GAMES/MEDIEVAL_SERIES/MEDIEVAL_VILLAGE/MEDIEVAL_VILLLAGE_HD_DEMO/Mods using Guid(1faaca8ff064e7d44a9adfff7dbde66a) Importer(815301076,1909f56bfc062723c751e8b465ee728b)  -> (artifact id: '2e6b2e19943d5c71f520a440415c4b1d') in 0.002421 seconds
  Import took 0.007083 seconds .

========================================================================
Received Import Request.
  Time since last request: 3.469634 seconds.
  path: Assets/ASTROFISH_GAMES/MEDIEVAL_SERIES/MEDIEVAL_VILLAGE/MEDIEVAL_VILLLAGE_HD_DEMO/Prfbs/Building.prefab
  artifactKey: Guid(842db95f600b38a4a936ac0db6ded7ad) Importer(815301076,1909f56bfc062723c751e8b465ee728b)
Start importing Assets/ASTROFISH_GAMES/MEDIEVAL_SERIES/MEDIEVAL_VILLAGE/MEDIEVAL_VILLLAGE_HD_DEMO/Prfbs/Building.prefab using Guid(842db95f600b38a4a936ac0db6ded7ad) Importer(815301076,1909f56bfc062723c751e8b465ee728b)  -> (artifact id: 'e9aab47b2075908588a233c4a8a54637') in 3.705997 seconds
  Import took 3.763233 seconds .

========================================================================
Received Import Request.
  Time since last request: 7.909477 seconds.
  path: Assets/ASTROFISH_GAMES/MEDIEVAL_SERIES/MEDIEVAL_VILLAGE/MEDIEVAL_VILLLAGE_HD_DEMO/Prfbs/Medieval_Foliage_Fern_Large.prefab
  artifactKey: Guid(2fc687804e64b5143a99ccd10efc0aef) Importer(815301076,1909f56bfc062723c751e8b465ee728b)
Start importing Assets/ASTROFISH_GAMES/MEDIEVAL_SERIES/MEDIEVAL_VILLAGE/MEDIEVAL_VILLLAGE_HD_DEMO/Prfbs/Medieval_Foliage_Fern_Large.prefab using Guid(2fc687804e64b5143a99ccd10efc0aef) Importer(815301076,1909f56bfc062723c751e8b465ee728b)  -> (artifact id: '91b34787242ab8144a15b542cc6f8196') in 0.020434 seconds
  Import took 0.344237 seconds .

========================================================================
Received Import Request.
  Time since last request: 3.349783 seconds.
  path: Assets/ASTROFISH_GAMES/MEDIEVAL_SERIES/MEDIEVAL_VILLAGE/MEDIEVAL_VILLLAGE_HD_DEMO/Prfbs/Medieval_Platforms_Planks.prefab
  artifactKey: Guid(80e227181979b9e4db071f4a8ea5eca6) Importer(815301076,1909f56bfc062723c751e8b465ee728b)
Start importing Assets/ASTROFISH_GAMES/MEDIEVAL_SERIES/MEDIEVAL_VILLAGE/MEDIEVAL_VILLLAGE_HD_DEMO/Prfbs/Medieval_Platforms_Planks.prefab using Guid(80e227181979b9e4db071f4a8ea5eca6) Importer(815301076,1909f56bfc062723c751e8b465ee728b)  -> (artifact id: 'bab668355212ef409bddcee31d354619') in 0.170566 seconds
  Import took 0.185099 seconds .

========================================================================
Received Import Request.
  Time since last request: 0.220872 seconds.
  path: Assets/ASTROFISH_GAMES/MEDIEVAL_SERIES/MEDIEVAL_VILLAGE/MEDIEVAL_VILLLAGE_HD_DEMO/Prfbs/Medieval_RoofTiles_TopCorner.prefab
  artifactKey: Guid(ed0cc678f4a6ecf4d8eaa0b55b102276) Importer(815301076,1909f56bfc062723c751e8b465ee728b)
Start importing Assets/ASTROFISH_GAMES/MEDIEVAL_SERIES/MEDIEVAL_VILLAGE/MEDIEVAL_VILLLAGE_HD_DEMO/Prfbs/Medieval_RoofTiles_TopCorner.prefab using Guid(ed0cc678f4a6ecf4d8eaa0b55b102276) Importer(815301076,1909f56bfc062723c751e8b465ee728b)  -> (artifact id: 'e1cb10f080d1117a5643fbe9b7d97f06') in 0.054235 seconds
  Import took 0.171428 seconds .

========================================================================
Received Import Request.
  Time since last request: 0.232675 seconds.
  path: Assets/ASTROFISH_GAMES/MEDIEVAL_SERIES/MEDIEVAL_VILLAGE/MEDIEVAL_VILLLAGE_HD_DEMO/Prfbs/Medieval_StoneFloor_D.prefab
  artifactKey: Guid(eaae9a6a3196bae43acfc050c95531f0) Importer(815301076,1909f56bfc062723c751e8b465ee728b)
Start importing Assets/ASTROFISH_GAMES/MEDIEVAL_SERIES/MEDIEVAL_VILLAGE/MEDIEVAL_VILLLAGE_HD_DEMO/Prfbs/Medieval_StoneFloor_D.prefab using Guid(eaae9a6a3196bae43acfc050c95531f0) Importer(815301076,1909f56bfc062723c751e8b465ee728b)  -> (artifact id: '1f995d58519dddf8726cc6a3d4fa710e') in 0.050248 seconds
  Import took 0.216531 seconds .

========================================================================
Received Prepare
Registering precompiled user dll's ...
Registered in 0.001694 seconds.
Begin MonoManager ReloadAssembly
Native extension for WindowsStandalone target not found
Refreshing native plugins compatible for Editor in 0.60 ms, found 0 plugins.
Preloading 0 native plugins for Editor in 0.00 ms.
Invoked RoslynAnalysisRunner static constructor.
RoslynAnalysisRunner will not be running.
RoslynAnalysisRunner has terminated.
Mono: successfully reloaded assembly
- Completed reload, in  1.819 seconds
Platform modules already initialized, skipping
Shader 'Universal Render Pipeline/Particles/Lit': fallback shader 'Universal Render Pipeline/Particles/SimpleLit' not found
Shader 'Universal Render Pipeline/Particles/Lit': fallback shader 'Universal Render Pipeline/Particles/SimpleLit' not found
Refreshing native plugins compatible for Editor in 0.42 ms, found 0 plugins.
Preloading 0 native plugins for Editor in 0.00 ms.
Unloading 2309 Unused Serialized files (Serialized files now loaded: 0)
System memory in use before: 190.4 MB.
System memory in use after: 188.5 MB.

Unloading 36 unused Assets to reduce memory usage. Loaded Objects now: 2992.
Total: 5.303400 ms (FindLiveObjects: 0.469900 ms CreateObjectMapping: 0.293300 ms MarkObjects: 2.620200 ms  DeleteObjects: 1.918200 ms)

========================================================================
Received Prepare
Registering precompiled user dll's ...
Registered in 0.001606 seconds.
Begin MonoManager ReloadAssembly
Native extension for WindowsStandalone target not found
Refreshing native plugins compatible for Editor in 0.42 ms, found 0 plugins.
Preloading 0 native plugins for Editor in 0.00 ms.
Invoked RoslynAnalysisRunner static constructor.
RoslynAnalysisRunner will not be running.
RoslynAnalysisRunner has terminated.
Mono: successfully reloaded assembly
- Completed reload, in  1.092 seconds
Platform modules already initialized, skipping
Shader 'Universal Render Pipeline/Particles/Lit': fallback shader 'Universal Render Pipeline/Particles/SimpleLit' not found
Shader 'Universal Render Pipeline/Particles/Lit': fallback shader 'Universal Render Pipeline/Particles/SimpleLit' not found
Refreshing native plugins compatible for Editor in 0.48 ms, found 0 plugins.
Preloading 0 native plugins for Editor in 0.00 ms.
Unloading 2311 Unused Serialized files (Serialized files now loaded: 0)
System memory in use before: 190.3 MB.
System memory in use after: 188.4 MB.

Unloading 35 unused Assets to reduce memory usage. Loaded Objects now: 2996.
Total: 5.446900 ms (FindLiveObjects: 0.383900 ms CreateObjectMapping: 0.254100 ms MarkObjects: 2.833300 ms  DeleteObjects: 1.973400 ms)

========================================================================
Received Import Request.
  Time since last request: 120.797890 seconds.
  path: Assets/Demo/Low poly package/Prefabs/Bench.prefab
  artifactKey: Guid(572f0eeb603db79488f927004aa1a82e) Importer(815301076,1909f56bfc062723c751e8b465ee728b)
Start importing Assets/Demo/Low poly package/Prefabs/Bench.prefab using Guid(572f0eeb603db79488f927004aa1a82e) Importer(815301076,1909f56bfc062723c751e8b465ee728b)  -> (artifact id: 'fd51524dd7b677fdf9395c4b12a40a26') in 0.203529 seconds
  Import took 0.341094 seconds .

========================================================================
Received Import Request.
  Time since last request: 0.607667 seconds.
  path: Assets/Demo/Low poly package/Prefabs/Fence 2.prefab
  artifactKey: Guid(3a5c8eb23edd15348b90dca0f1c1f703) Importer(815301076,1909f56bfc062723c751e8b465ee728b)
Start importing Assets/Demo/Low poly package/Prefabs/Fence 2.prefab using Guid(3a5c8eb23edd15348b90dca0f1c1f703) Importer(815301076,1909f56bfc062723c751e8b465ee728b)  -> (artifact id: '905f004db36c0b3fc388fbada448a67d') in 0.014376 seconds
  Import took 0.020521 seconds .

========================================================================
Received Import Request.
  Time since last request: 0.489904 seconds.
  path: Assets/Demo/Low poly package/Prefabs/Grass 2.prefab
  artifactKey: Guid(f2cf0753809dc5245aa3e8058142ef42) Importer(815301076,1909f56bfc062723c751e8b465ee728b)
Start importing Assets/Demo/Low poly package/Prefabs/Grass 2.prefab using Guid(f2cf0753809dc5245aa3e8058142ef42) Importer(815301076,1909f56bfc062723c751e8b465ee728b)  -> (artifact id: '0bf9c578fd77b0fbefb60cdae63c803b') in 0.012618 seconds
  Import took 0.018514 seconds .

========================================================================
Received Import Request.
  Time since last request: 9.706448 seconds.
  path: Assets/Demo/Low poly package/Meshes
  artifactKey: Guid(2972b038491877647a62f92b892fa95a) Importer(815301076,1909f56bfc062723c751e8b465ee728b)
Start importing Assets/Demo/Low poly package/Meshes using Guid(2972b038491877647a62f92b892fa95a) Importer(815301076,1909f56bfc062723c751e8b465ee728b)  -> (artifact id: '378261f3b62705114960681be8999cbe') in 0.003204 seconds
  Import took 0.008188 seconds .

========================================================================
Received Import Request.
  Time since last request: 0.574882 seconds.
  path: Assets/Demo/Low poly package/Meshes/Bench.fbx
  artifactKey: Guid(78334f308fdf9374fa59df5b351c8d69) Importer(815301076,1909f56bfc062723c751e8b465ee728b)
Start importing Assets/Demo/Low poly package/Meshes/Bench.fbx using Guid(78334f308fdf9374fa59df5b351c8d69) Importer(815301076,1909f56bfc062723c751e8b465ee728b)  -> (artifact id: '5703859d713bb26930447496af267eb0') in 0.032916 seconds
  Import took 0.038215 seconds .

========================================================================
Received Import Request.
  Time since last request: 8.329458 seconds.
  path: Assets/Demo/Demo.unity
  artifactKey: Guid(dc53816692f5af941a8302e55fd738d9) Importer(815301076,1909f56bfc062723c751e8b465ee728b)
Start importing Assets/Demo/Demo.unity using Guid(dc53816692f5af941a8302e55fd738d9) Importer(815301076,1909f56bfc062723c751e8b465ee728b)  -> (artifact id: '52f49638ac395c0ad3b08de3162be9a7') in 0.002903 seconds
  Import took 0.161030 seconds .

========================================================================
Received Import Request.
  Time since last request: 0.667173 seconds.
  path: Assets/Demo/Scene.unity
  artifactKey: Guid(f383c7262b3ae8e499b5f12788790433) Importer(815301076,1909f56bfc062723c751e8b465ee728b)
Start importing Assets/Demo/Scene.unity using Guid(f383c7262b3ae8e499b5f12788790433) Importer(815301076,1909f56bfc062723c751e8b465ee728b)  -> (artifact id: 'd6eced3a4f240c9c14ab5954632e7186') in 0.003738 seconds
  Import took 0.008376 seconds .

========================================================================
Received Import Request.
  Time since last request: 45.598336 seconds.
  path: Assets/Scenes/Scene_Main.unity
  artifactKey: Guid(d1c3109bdb54ad54c8a2b2838528e640) Importer(815301076,1909f56bfc062723c751e8b465ee728b)
Start importing Assets/Scenes/Scene_Main.unity using Guid(d1c3109bdb54ad54c8a2b2838528e640) Importer(815301076,1909f56bfc062723c751e8b465ee728b)  -> (artifact id: '2929696d02e416c1c51a4af48f02fe93') in 0.003322 seconds
  Import took 0.007954 seconds .

========================================================================
Received Import Request.
  Time since last request: 16.543400 seconds.
  path: Assets/Demo/Low poly package/Prefabs/Fence 1.prefab
  artifactKey: Guid(2a8aa9f3869b23a4b83a4d84c1fe983d) Importer(815301076,1909f56bfc062723c751e8b465ee728b)
Start importing Assets/Demo/Low poly package/Prefabs/Fence 1.prefab using Guid(2a8aa9f3869b23a4b83a4d84c1fe983d) Importer(815301076,1909f56bfc062723c751e8b465ee728b)  -> (artifact id: 'c712bf8fa354023abce1ec45803c17e3') in 0.012367 seconds
  Import took 0.127766 seconds .

========================================================================
Received Import Request.
  Time since last request: 0.330668 seconds.
  path: Assets/Demo/Low poly package/Prefabs/Fence 3.prefab
  artifactKey: Guid(a1bc7cab9964cfd419c9412ac66b2c3a) Importer(815301076,1909f56bfc062723c751e8b465ee728b)
Start importing Assets/Demo/Low poly package/Prefabs/Fence 3.prefab using Guid(a1bc7cab9964cfd419c9412ac66b2c3a) Importer(815301076,1909f56bfc062723c751e8b465ee728b)  -> (artifact id: '9f6e530a5baaf22d8aba00a5da4d93de') in 0.012316 seconds
  Import took 0.017599 seconds .

========================================================================
Received Import Request.
  Time since last request: 0.110132 seconds.
  path: Assets/Demo/Low poly package/Prefabs/Fence 4.prefab
  artifactKey: Guid(f680d9631cd9e0b478de7d40fa917be0) Importer(815301076,1909f56bfc062723c751e8b465ee728b)
Start importing Assets/Demo/Low poly package/Prefabs/Fence 4.prefab using Guid(f680d9631cd9e0b478de7d40fa917be0) Importer(815301076,1909f56bfc062723c751e8b465ee728b)  -> (artifact id: '1521fae51ee8d635b4123d7a639c418a') in 0.011938 seconds
  Import took 0.017339 seconds .

========================================================================
Received Import Request.
  Time since last request: 0.107812 seconds.
  path: Assets/Demo/Low poly package/Prefabs/Grass 1.prefab
  artifactKey: Guid(313c112bb4c95a04fa2cfbf431c429f9) Importer(815301076,1909f56bfc062723c751e8b465ee728b)
Start importing Assets/Demo/Low poly package/Prefabs/Grass 1.prefab using Guid(313c112bb4c95a04fa2cfbf431c429f9) Importer(815301076,1909f56bfc062723c751e8b465ee728b)  -> (artifact id: '0d774774fb0ac0b0d20126471168a731') in 0.055042 seconds
  Import took 0.061431 seconds .

========================================================================
Received Import Request.
  Time since last request: 0.305073 seconds.
  path: Assets/Demo/Low poly package/Prefabs/House 1.prefab
  artifactKey: Guid(81c93149054ba124daa4f1fcbd976620) Importer(815301076,1909f56bfc062723c751e8b465ee728b)
Start importing Assets/Demo/Low poly package/Prefabs/House 1.prefab using Guid(81c93149054ba124daa4f1fcbd976620) Importer(815301076,1909f56bfc062723c751e8b465ee728b)  -> (artifact id: '91fb3d29ff57664de2894d48330b185f') in 0.013157 seconds
  Import took 0.018490 seconds .

========================================================================
Received Import Request.
  Time since last request: 21.512504 seconds.
  path: Assets/Demo/Low poly package/Texture/Materials
  artifactKey: Guid(8a02399df3bfb564db64228167c4bb9e) Importer(815301076,1909f56bfc062723c751e8b465ee728b)
Start importing Assets/Demo/Low poly package/Texture/Materials using Guid(8a02399df3bfb564db64228167c4bb9e) Importer(815301076,1909f56bfc062723c751e8b465ee728b)  -> (artifact id: '3c37e381f0a31be9267d0ceeaf4c0402') in 0.002552 seconds
  Import took 0.008701 seconds .

========================================================================
Received Import Request.
  Time since last request: 13.869124 seconds.
  path: Assets/External/AllSkyFree/Cold Sunset/Cold Sunset.mat
  artifactKey: Guid(2d796ced94d61438fbab81b194038162) Importer(815301076,1909f56bfc062723c751e8b465ee728b)
Start importing Assets/External/AllSkyFree/Cold Sunset/Cold Sunset.mat using Guid(2d796ced94d61438fbab81b194038162) Importer(815301076,1909f56bfc062723c751e8b465ee728b)  -> (artifact id: '5c2a4b145f435e093baa4cbe016e6264') in 0.066001 seconds
  Import took 0.070718 seconds .

========================================================================
Received Import Request.
  Time since last request: 0.000340 seconds.
  path: Assets/External/AllSkyFree/Cold Sunset/Cold Sunset Equirect.mat
  artifactKey: Guid(01f4eb1c73693428d923f1520032e7f9) Importer(815301076,1909f56bfc062723c751e8b465ee728b)
Start importing Assets/External/AllSkyFree/Cold Sunset/Cold Sunset Equirect.mat using Guid(01f4eb1c73693428d923f1520032e7f9) Importer(815301076,1909f56bfc062723c751e8b465ee728b)  -> (artifact id: 'cd2fc815503dac1751952269d572a190') in 0.075048 seconds
  Import took 0.080255 seconds .

========================================================================
Received Import Request.
  Time since last request: 0.182749 seconds.
  path: Assets/Materials/Mat_InteractiveSnow.mat
  artifactKey: Guid(e87707645b5a4774ea34d83f668d4e3f) Importer(815301076,1909f56bfc062723c751e8b465ee728b)
Start importing Assets/Materials/Mat_InteractiveSnow.mat using Guid(e87707645b5a4774ea34d83f668d4e3f) Importer(815301076,1909f56bfc062723c751e8b465ee728b)  -> (artifact id: 'b70235fad790ad7832318ec9e7b827ca') in 0.038567 seconds
  Import took 0.043489 seconds .

========================================================================
Received Import Request.
  Time since last request: 0.000396 seconds.
  path: Assets/Materials/Mat_Trail.mat
  artifactKey: Guid(3e21775e3b5ffb8458ce2f9f6c0f3f53) Importer(815301076,1909f56bfc062723c751e8b465ee728b)
Start importing Assets/Materials/Mat_Trail.mat using Guid(3e21775e3b5ffb8458ce2f9f6c0f3f53) Importer(815301076,1909f56bfc062723c751e8b465ee728b)  -> (artifact id: '32456ee93b2bb8d12d17e70d53cff92e') in 0.010280 seconds
  Import took 0.014195 seconds .

========================================================================
Received Import Request.
  Time since last request: 0.000426 seconds.
  path: Assets/Materials/Mat_Snow.mat
  artifactKey: Guid(55342057b98026945bc4b8b902b4bb64) Importer(815301076,1909f56bfc062723c751e8b465ee728b)
Start importing Assets/Materials/Mat_Snow.mat using Guid(55342057b98026945bc4b8b902b4bb64) Importer(815301076,1909f56bfc062723c751e8b465ee728b)  -> (artifact id: '0ccadbd079f2bdb131ea25150c8e62df') in 0.272769 seconds
  Import took 0.276822 seconds .

========================================================================
Received Import Request.
  Time since last request: 0.000336 seconds.
  path: Assets/Materials/Mat_Player.mat
  artifactKey: Guid(24cac6be4e176304db042b2f5f785faa) Importer(815301076,1909f56bfc062723c751e8b465ee728b)
Start importing Assets/Materials/Mat_Player.mat using Guid(24cac6be4e176304db042b2f5f785faa) Importer(815301076,1909f56bfc062723c751e8b465ee728b)  -> (artifact id: '755288a4d35a7074b6c6ed249aaf6ddc') in 0.038495 seconds
  Import took 0.042803 seconds .

========================================================================
Received Import Request.
  Time since last request: 0.000329 seconds.
  path: Assets/Demo/Low poly package/Materials/Pixel texture.mat
  artifactKey: Guid(58c820cafe0417c4f887a347e82c34a8) Importer(815301076,1909f56bfc062723c751e8b465ee728b)
Start importing Assets/Demo/Low poly package/Materials/Pixel texture.mat using Guid(58c820cafe0417c4f887a347e82c34a8) Importer(815301076,1909f56bfc062723c751e8b465ee728b)  -> (artifact id: '563e545edf2caccafd68c04711885479') in 0.012016 seconds
  Import took 0.065699 seconds .

========================================================================
Received Import Request.
  Time since last request: 459.658899 seconds.
  path: Assets/External/AllSkyFree/Cold Sunset/Cold Sunset__Cam_0_Front+Z.png
  artifactKey: Guid(6774108631deb4532b5f7df6e4f779a7) Importer(815301076,1909f56bfc062723c751e8b465ee728b)
Start importing Assets/External/AllSkyFree/Cold Sunset/Cold Sunset__Cam_0_Front+Z.png using Guid(6774108631deb4532b5f7df6e4f779a7) Importer(815301076,1909f56bfc062723c751e8b465ee728b)  -> (artifact id: '8f25855c56b3320e2bec3e879d5475ba') in 0.112273 seconds
  Import took 0.131782 seconds .

========================================================================
Received Import Request.
  Time since last request: 0.000943 seconds.
  path: Assets/External/AllSkyFree/Cold Sunset/Cold Sunset__Cam_2_Left+X.png
  artifactKey: Guid(ce026dfecbc694085a1d87a22f3bb49d) Importer(815301076,1909f56bfc062723c751e8b465ee728b)
Start importing Assets/External/AllSkyFree/Cold Sunset/Cold Sunset__Cam_2_Left+X.png using Guid(ce026dfecbc694085a1d87a22f3bb49d) Importer(815301076,1909f56bfc062723c751e8b465ee728b)  -> (artifact id: '3d19ebe8dac36c526dc8f0f0c63d397a') in 0.036464 seconds
  Import took 0.055382 seconds .

========================================================================
Received Import Request.
  Time since last request: 0.001293 seconds.
  path: Assets/External/AllSkyFree/Cold Sunset/Cold Sunset__Cam_4_Up+Y.png
  artifactKey: Guid(c9658c52dbf374bf6aeeb26310f71145) Importer(815301076,1909f56bfc062723c751e8b465ee728b)
Start importing Assets/External/AllSkyFree/Cold Sunset/Cold Sunset__Cam_4_Up+Y.png using Guid(c9658c52dbf374bf6aeeb26310f71145) Importer(815301076,1909f56bfc062723c751e8b465ee728b)  -> (artifact id: 'd0a52a791d2f96cec50172d5778bece4') in 0.043905 seconds
  Import took 0.070449 seconds .

========================================================================
Received Import Request.
  Time since last request: 0.001009 seconds.
  path: Assets/External/AllSkyFree/Cold Sunset/Cold Sunset__Cam_3_Right-X.png
  artifactKey: Guid(1f225a337fa434ec1b937d9c8b70a667) Importer(815301076,1909f56bfc062723c751e8b465ee728b)
Start importing Assets/External/AllSkyFree/Cold Sunset/Cold Sunset__Cam_3_Right-X.png using Guid(1f225a337fa434ec1b937d9c8b70a667) Importer(815301076,1909f56bfc062723c751e8b465ee728b)  -> (artifact id: '47ef1e051a53c6688a021e94b95684d4') in 0.040451 seconds
  Import took 0.068169 seconds .

========================================================================
Received Import Request.
  Time since last request: 0.000988 seconds.
  path: Assets/External/AllSkyFree/Cold Sunset/Cold Sunset__Cam_1_Back-Z.png
  artifactKey: Guid(0c96697ef1fc74d8d90d3e2f7345366d) Importer(815301076,1909f56bfc062723c751e8b465ee728b)
Start importing Assets/External/AllSkyFree/Cold Sunset/Cold Sunset__Cam_1_Back-Z.png using Guid(0c96697ef1fc74d8d90d3e2f7345366d) Importer(815301076,1909f56bfc062723c751e8b465ee728b)  -> (artifact id: 'fb0e2e55f460e10044b3513d23ffbe57') in 0.040226 seconds
  Import took 0.061998 seconds .

========================================================================
Received Import Request.
  Time since last request: 0.001260 seconds.
  path: Assets/External/AllSkyFree/Cold Sunset/Cold Sunset__Cam_5_Down-Y.png
  artifactKey: Guid(6458ffa0dcd6b4ea5b30ac5085d8c68a) Importer(815301076,1909f56bfc062723c751e8b465ee728b)
Start importing Assets/External/AllSkyFree/Cold Sunset/Cold Sunset__Cam_5_Down-Y.png using Guid(6458ffa0dcd6b4ea5b30ac5085d8c68a) Importer(815301076,1909f56bfc062723c751e8b465ee728b)  -> (artifact id: 'cd67af6b585886fd4d75d0234c682d5a') in 0.040302 seconds
  Import took 0.058190 seconds .

========================================================================
Received Import Request.
  Time since last request: 0.001132 seconds.
  path: Assets/Demo/Low poly package/Texture/color map.png
  artifactKey: Guid(f1246dd1d8fa1d14bae336b5d4bb8083) Importer(815301076,1909f56bfc062723c751e8b465ee728b)
Start importing Assets/Demo/Low poly package/Texture/color map.png using Guid(f1246dd1d8fa1d14bae336b5d4bb8083) Importer(815301076,1909f56bfc062723c751e8b465ee728b)  -> (artifact id: '1240b34cf0f76d65b006c7fde98bd397') in 0.030200 seconds
  Import took 0.048918 seconds .

========================================================================
Received Import Request.
  Time since last request: 346.679504 seconds.
  path: Assets/Demo/Low poly package/Texture/Materials/color map.mat
  artifactKey: Guid(35df1eb473d365148a89e6c482701a6b) Importer(815301076,1909f56bfc062723c751e8b465ee728b)
Start importing Assets/Demo/Low poly package/Texture/Materials/color map.mat using Guid(35df1eb473d365148a89e6c482701a6b) Importer(815301076,1909f56bfc062723c751e8b465ee728b)  -> (artifact id: 'fb9077558d2ff710920e395b044093c1') in 0.040357 seconds
  Import took 0.062096 seconds .

========================================================================
Received Import Request.
  Time since last request: 1156.250507 seconds.
  path: Assets/Demo/Low poly package/Texture/Materials/color map.mat
  artifactKey: Guid(35df1eb473d365148a89e6c482701a6b) Importer(815301076,1909f56bfc062723c751e8b465ee728b)
Start importing Assets/Demo/Low poly package/Texture/Materials/color map.mat using Guid(35df1eb473d365148a89e6c482701a6b) Importer(815301076,1909f56bfc062723c751e8b465ee728b)  -> (artifact id: 'ffe2180e3f7c3eac8b7425d231914177') in 0.093989 seconds
  Import took 0.115313 seconds .

========================================================================
Received Import Request.
  Time since last request: 0.035668 seconds.
  path: Assets/Demo/Low poly package/Texture/Materials/color map.mat
  artifactKey: Guid(35df1eb473d365148a89e6c482701a6b) Importer(815301076,1909f56bfc062723c751e8b465ee728b)
Start importing Assets/Demo/Low poly package/Texture/Materials/color map.mat using Guid(35df1eb473d365148a89e6c482701a6b) Importer(815301076,1909f56bfc062723c751e8b465ee728b)  -> (artifact id: 'ffe2180e3f7c3eac8b7425d231914177') in 0.054099 seconds
  Import took 0.079974 seconds .

========================================================================
Received Import Request.
  Time since last request: 4393.101504 seconds.
  path: Assets/Demo
  artifactKey: Guid(be6048c346102e34bbe38628e9e6bdbc) Importer(815301076,1909f56bfc062723c751e8b465ee728b)
Start importing Assets/Demo using Guid(be6048c346102e34bbe38628e9e6bdbc) Importer(815301076,1909f56bfc062723c751e8b465ee728b)  -> (artifact id: '351c83ba0c0378847bce67b69f30f51c') in 0.006108 seconds
  Import took 0.049599 seconds .

========================================================================
Received Prepare
Registering precompiled user dll's ...
Registered in 0.001826 seconds.
Begin MonoManager ReloadAssembly
Native extension for WindowsStandalone target not found
Refreshing native plugins compatible for Editor in 0.43 ms, found 0 plugins.
Preloading 0 native plugins for Editor in 0.00 ms.
Invoked RoslynAnalysisRunner static constructor.
RoslynAnalysisRunner will not be running.
RoslynAnalysisRunner has terminated.
Mono: successfully reloaded assembly
- Completed reload, in  1.552 seconds
Platform modules already initialized, skipping
Shader 'Universal Render Pipeline/Particles/Lit': fallback shader 'Universal Render Pipeline/Particles/SimpleLit' not found
Shader 'Universal Render Pipeline/Particles/Lit': fallback shader 'Universal Render Pipeline/Particles/SimpleLit' not found
Refreshing native plugins compatible for Editor in 0.74 ms, found 0 plugins.
Preloading 0 native plugins for Editor in 0.00 ms.
Unloading 2312 Unused Serialized files (Serialized files now loaded: 0)
System memory in use before: 191.4 MB.
System memory in use after: 189.6 MB.

Unloading 35 unused Assets to reduce memory usage. Loaded Objects now: 3040.
Total: 5.497100 ms (FindLiveObjects: 0.376600 ms CreateObjectMapping: 0.137200 ms MarkObjects: 3.088100 ms  DeleteObjects: 1.892700 ms)

========================================================================
Received Import Request.
  Time since last request: 26.895298 seconds.
  path: Assets/Shaders/Water.shadergraph
  artifactKey: Guid(4835cffc1c8eeff4587d5d0d65ec2994) Importer(815301076,1909f56bfc062723c751e8b465ee728b)
Start importing Assets/Shaders/Water.shadergraph using Guid(4835cffc1c8eeff4587d5d0d65ec2994) Importer(815301076,1909f56bfc062723c751e8b465ee728b)  -> (artifact id: 'd5921ca1036fd790497f9fe56d307eb4') in 0.015607 seconds
  Import took 0.020202 seconds .

========================================================================
Received Import Request.
  Time since last request: 0.005953 seconds.
  path: Assets/Shaders/Water.shadergraph
  artifactKey: Guid(4835cffc1c8eeff4587d5d0d65ec2994) Importer(815301076,1909f56bfc062723c751e8b465ee728b)
Start importing Assets/Shaders/Water.shadergraph using Guid(4835cffc1c8eeff4587d5d0d65ec2994) Importer(815301076,1909f56bfc062723c751e8b465ee728b)  -> (artifact id: 'd5921ca1036fd790497f9fe56d307eb4') in 0.003947 seconds
  Import took 0.010289 seconds .

========================================================================
Received Import Request.
  Time since last request: 331.798321 seconds.
  path: Assets/Shaders/Water.shadergraph
  artifactKey: Guid(4835cffc1c8eeff4587d5d0d65ec2994) Importer(815301076,1909f56bfc062723c751e8b465ee728b)
Start importing Assets/Shaders/Water.shadergraph using Guid(4835cffc1c8eeff4587d5d0d65ec2994) Importer(815301076,1909f56bfc062723c751e8b465ee728b)  -> (artifact id: '4a13e45cfe82f9386201d8ef2b234e3c') in 0.018625 seconds
  Import took 0.106442 seconds .

========================================================================
Received Import Request.
  Time since last request: 1222.549985 seconds.
  path: Assets/Sprites/Texture/4141-normal.jpg
  artifactKey: Guid(06498fcf6e4582b4495798e851a3f604) Importer(815301076,1909f56bfc062723c751e8b465ee728b)
Start importing Assets/Sprites/Texture/4141-normal.jpg using Guid(06498fcf6e4582b4495798e851a3f604) Importer(815301076,1909f56bfc062723c751e8b465ee728b)  -> (artifact id: '4b64bfbdf798b9ac135faf5529c27081') in 0.153988 seconds
  Import took 0.173055 seconds .

========================================================================
Received Import Request.
  Time since last request: 0.001293 seconds.
  path: Assets/Sprites/Texture/6185-normal.jpg
  artifactKey: Guid(87555b6e055e80343abb62b9cb94abf5) Importer(815301076,1909f56bfc062723c751e8b465ee728b)
Start importing Assets/Sprites/Texture/6185-normal.jpg using Guid(87555b6e055e80343abb62b9cb94abf5) Importer(815301076,1909f56bfc062723c751e8b465ee728b)  -> (artifact id: '390f5a2c389ffa590c76903efc577ab5') in 0.033580 seconds
  Import took 0.047775 seconds .

========================================================================
Received Import Request.
  Time since last request: 41.387738 seconds.
  path: Assets/Shaders/Water.shadergraph
  artifactKey: Guid(4835cffc1c8eeff4587d5d0d65ec2994) Importer(815301076,1909f56bfc062723c751e8b465ee728b)
Start importing Assets/Shaders/Water.shadergraph using Guid(4835cffc1c8eeff4587d5d0d65ec2994) Importer(815301076,1909f56bfc062723c751e8b465ee728b)  -> (artifact id: '2fe7acc38d84c165b3545fc3f2513816') in 0.020604 seconds
  Import took 0.038282 seconds .

========================================================================
Received Import Request.
  Time since last request: 1.447425 seconds.
  path: Assets/Shaders/Water.shadergraph
  artifactKey: Guid(4835cffc1c8eeff4587d5d0d65ec2994) Importer(815301076,1909f56bfc062723c751e8b465ee728b)
Start importing Assets/Shaders/Water.shadergraph using Guid(4835cffc1c8eeff4587d5d0d65ec2994) Importer(815301076,1909f56bfc062723c751e8b465ee728b)  -> (artifact id: '2fe7acc38d84c165b3545fc3f2513816') in 0.016769 seconds
  Import took 0.030722 seconds .

========================================================================
Received Prepare
Registering precompiled user dll's ...
Registered in 0.004563 seconds.
Begin MonoManager ReloadAssembly
Native extension for WindowsStandalone target not found
Refreshing native plugins compatible for Editor in 1.17 ms, found 0 plugins.
Preloading 0 native plugins for Editor in 0.00 ms.
Invoked RoslynAnalysisRunner static constructor.
RoslynAnalysisRunner will not be running.
RoslynAnalysisRunner has terminated.
Mono: successfully reloaded assembly
- Completed reload, in  4.470 seconds
Platform modules already initialized, skipping
Shader 'Universal Render Pipeline/Particles/Lit': fallback shader 'Universal Render Pipeline/Particles/SimpleLit' not found
Shader 'Universal Render Pipeline/Particles/Lit': fallback shader 'Universal Render Pipeline/Particles/SimpleLit' not found
Refreshing native plugins compatible for Editor in 1.26 ms, found 0 plugins.
Preloading 0 native plugins for Editor in 0.00 ms.
Unloading 2310 Unused Serialized files (Serialized files now loaded: 0)
System memory in use before: 191.2 MB.
System memory in use after: 189.4 MB.

Unloading 34 unused Assets to reduce memory usage. Loaded Objects now: 3042.
Total: 13.151900 ms (FindLiveObjects: 1.131000 ms CreateObjectMapping: 0.403100 ms MarkObjects: 7.156200 ms  DeleteObjects: 4.457300 ms)

========================================================================
Received Prepare
Registering precompiled user dll's ...
Registered in 0.001540 seconds.
Begin MonoManager ReloadAssembly
Native extension for WindowsStandalone target not found
Refreshing native plugins compatible for Editor in 0.43 ms, found 0 plugins.
Preloading 0 native plugins for Editor in 0.00 ms.
Invoked RoslynAnalysisRunner static constructor.
RoslynAnalysisRunner will not be running.
RoslynAnalysisRunner has terminated.
Mono: successfully reloaded assembly
- Completed reload, in  1.008 seconds
Platform modules already initialized, skipping
Shader 'Universal Render Pipeline/Particles/Lit': fallback shader 'Universal Render Pipeline/Particles/SimpleLit' not found
Shader 'Universal Render Pipeline/Particles/Lit': fallback shader 'Universal Render Pipeline/Particles/SimpleLit' not found
Refreshing native plugins compatible for Editor in 0.42 ms, found 0 plugins.
Preloading 0 native plugins for Editor in 0.00 ms.
Unloading 2310 Unused Serialized files (Serialized files now loaded: 0)
System memory in use before: 191.3 MB.
System memory in use after: 189.4 MB.

Unloading 34 unused Assets to reduce memory usage. Loaded Objects now: 3044.
Total: 4.142100 ms (FindLiveObjects: 0.334400 ms CreateObjectMapping: 0.130600 ms MarkObjects: 2.280800 ms  DeleteObjects: 1.394900 ms)

========================================================================
Received Prepare
Registering precompiled user dll's ...
Registered in 0.007163 seconds.
Begin MonoManager ReloadAssembly
Native extension for WindowsStandalone target not found
Refreshing native plugins compatible for Editor in 0.96 ms, found 0 plugins.
Preloading 0 native plugins for Editor in 0.00 ms.
Invoked RoslynAnalysisRunner static constructor.
RoslynAnalysisRunner will not be running.
RoslynAnalysisRunner has terminated.
Mono: successfully reloaded assembly
- Completed reload, in  3.202 seconds
Platform modules already initialized, skipping
Shader 'Universal Render Pipeline/Particles/Lit': fallback shader 'Universal Render Pipeline/Particles/SimpleLit' not found
Shader 'Universal Render Pipeline/Particles/Lit': fallback shader 'Universal Render Pipeline/Particles/SimpleLit' not found
Refreshing native plugins compatible for Editor in 1.84 ms, found 0 plugins.
Preloading 0 native plugins for Editor in 0.00 ms.
Unloading 2310 Unused Serialized files (Serialized files now loaded: 0)
System memory in use before: 191.2 MB.
System memory in use after: 189.5 MB.

Unloading 34 unused Assets to reduce memory usage. Loaded Objects now: 3046.
Total: 14.734100 ms (FindLiveObjects: 0.753700 ms CreateObjectMapping: 0.631500 ms MarkObjects: 7.953100 ms  DeleteObjects: 5.391300 ms)

========================================================================
Received Import Request.
  Time since last request: 1617.053669 seconds.
  path: Assets/New Terrain.asset
  artifactKey: Guid(b3472dbb783bc0246946628d3c05cd8f) Importer(815301076,1909f56bfc062723c751e8b465ee728b)
Start importing Assets/New Terrain.asset using Guid(b3472dbb783bc0246946628d3c05cd8f) Importer(815301076,1909f56bfc062723c751e8b465ee728b)  -> (artifact id: '88a4f1dbeb4b11ff9bcad867feef4509') in 0.109856 seconds
  Import took 0.126061 seconds .

========================================================================
Received Import Request.
  Time since last request: 6.320794 seconds.
  path: Assets/Fundo.asset
  artifactKey: Guid(b3472dbb783bc0246946628d3c05cd8f) Importer(815301076,1909f56bfc062723c751e8b465ee728b)
Start importing Assets/Fundo.asset using Guid(b3472dbb783bc0246946628d3c05cd8f) Importer(815301076,1909f56bfc062723c751e8b465ee728b)  -> (artifact id: 'c4cbc5cbfaa5036d2648b93199be3b3b') in 0.023460 seconds
  Import took 0.031945 seconds .

========================================================================
Received Prepare
Registering precompiled user dll's ...
Registered in 0.002193 seconds.
Begin MonoManager ReloadAssembly
Native extension for WindowsStandalone target not found
Refreshing native plugins compatible for Editor in 0.39 ms, found 0 plugins.
Preloading 0 native plugins for Editor in 0.00 ms.
Invoked RoslynAnalysisRunner static constructor.
RoslynAnalysisRunner will not be running.
RoslynAnalysisRunner has terminated.
Mono: successfully reloaded assembly
- Completed reload, in  1.023 seconds
Platform modules already initialized, skipping
Shader 'Universal Render Pipeline/Particles/Lit': fallback shader 'Universal Render Pipeline/Particles/SimpleLit' not found
Shader 'Universal Render Pipeline/Particles/Lit': fallback shader 'Universal Render Pipeline/Particles/SimpleLit' not found
Refreshing native plugins compatible for Editor in 0.53 ms, found 0 plugins.
Preloading 0 native plugins for Editor in 0.00 ms.
Unloading 2315 Unused Serialized files (Serialized files now loaded: 0)
System memory in use before: 192.5 MB.
System memory in use after: 191.6 MB.

Unloading 23 unused Assets to reduce memory usage. Loaded Objects now: 3066.
Total: 3.807900 ms (FindLiveObjects: 0.656300 ms CreateObjectMapping: 0.187300 ms MarkObjects: 2.154800 ms  DeleteObjects: 0.806900 ms)

AssetImportWorkerClient::OnTransportError - code=2 error=End of file
